2025-09-18 18:50:01 | INFO | {'message': 'I just saw a movie! It was funny.', 'author': 'Alice'}
2025-09-18 18:50:01 | INFO | Processed JSON message: {'message': 'I just saw a movie! It was funny.', 'author': 'Alice'}
2025-09-18 18:50:01 | INFO | Message received from author: Alice
2025-09-18 18:50:01 | INFO | Updated author counts: {'Bob': 2, 'Alice': 1}
2025-09-18 18:50:01 | INFO | Chart updated successfully for message: {"message": "I just saw a movie! It was funny.", "author": "Alice"}

2025-09-18 18:50:04 | INFO | {'message': 'I just found a story! It was exciting.', 'author': 'Eve'}
2025-09-18 18:50:04 | INFO | Processed JSON message: {'message': 'I just found a story! It was exciting.', 'author': 'Eve'}
2025-09-18 18:50:04 | INFO | Message received from author: Eve
2025-09-18 18:50:04 | INFO | Updated author counts: {'Bob': 2, 'Alice': 1, 'Eve': 1}
2025-09-18 18:50:05 | INFO | Chart updated successfully for message: {"message": "I just found a story! It was exciting.", "author": "Eve"}

2025-09-18 18:50:07 | INFO | {'message': 'I just found a movie! It was weird.', 'author': 'Bob'}
2025-09-18 18:50:07 | INFO | Processed JSON message: {'message': 'I just found a movie! It was weird.', 'author': 'Bob'}
2025-09-18 18:50:07 | INFO | Message received from author: Bob
2025-09-18 18:50:07 | INFO | Updated author counts: {'Bob': 3, 'Alice': 1, 'Eve': 1}
2025-09-18 18:50:07 | INFO | Chart updated successfully for message: {"message": "I just found a movie! It was weird.", "author": "Bob"}

2025-09-18 18:50:10 | INFO | {'message': 'I just saw a trick! It was boring.', 'author': 'Alice'}
2025-09-18 18:50:10 | INFO | Processed JSON message: {'message': 'I just saw a trick! It was boring.', 'author': 'Alice'}
2025-09-18 18:50:10 | INFO | Message received from author: Alice
2025-09-18 18:50:10 | INFO | Updated author counts: {'Bob': 3, 'Alice': 2, 'Eve': 1}
2025-09-18 18:50:11 | INFO | Chart updated successfully for message: {"message": "I just saw a trick! It was boring.", "author": "Alice"}

2025-09-18 18:50:13 | INFO | {'message': 'I just tried an app! It was boring.', 'author': 'Alice'}
2025-09-18 18:50:14 | INFO | Processed JSON message: {'message': 'I just tried an app! It was boring.', 'author': 'Alice'}
2025-09-18 18:50:14 | INFO | Message received from author: Alice
2025-09-18 18:50:14 | INFO | Updated author counts: {'Bob': 3, 'Alice': 3, 'Eve': 1}
2025-09-18 18:50:14 | INFO | Chart updated successfully for message: {"message": "I just tried an app! It was boring.", "author": "Alice"}

2025-09-18 18:50:16 | INFO | {'message': 'I just found a movie! It was funny.', 'author': 'Charlie'}
2025-09-18 18:50:16 | INFO | Processed JSON message: {'message': 'I just found a movie! It was funny.', 'author': 'Charlie'}
2025-09-18 18:50:16 | INFO | Message received from author: Charlie
2025-09-18 18:50:16 | INFO | Updated author counts: {'Bob': 3, 'Alice': 3, 'Eve': 1, 'Charlie': 1}
2025-09-18 18:50:16 | INFO | Chart updated successfully for message: {"message": "I just found a movie! It was funny.", "author": "Charlie"}

2025-09-18 18:50:19 | INFO | {'message': 'I just found a movie! It was amazing.', 'author': 'Alice'}
2025-09-18 18:50:19 | INFO | Processed JSON message: {'message': 'I just found a movie! It was amazing.', 'author': 'Alice'}
2025-09-18 18:50:19 | INFO | Message received from author: Alice
2025-09-18 18:50:19 | INFO | Updated author counts: {'Bob': 3, 'Alice': 4, 'Eve': 1, 'Charlie': 1}
2025-09-18 18:50:20 | INFO | Chart updated successfully for message: {"message": "I just found a movie! It was amazing.", "author": "Alice"}

2025-09-18 18:50:22 | INFO | {'message': 'I just saw a movie! It was weird.', 'author': 'Bob'}
2025-09-18 18:50:22 | INFO | Processed JSON message: {'message': 'I just saw a movie! It was weird.', 'author': 'Bob'}
2025-09-18 18:50:22 | INFO | Message received from author: Bob
2025-09-18 18:50:22 | INFO | Updated author counts: {'Bob': 4, 'Alice': 4, 'Eve': 1, 'Charlie': 1}
2025-09-18 18:50:22 | INFO | Chart updated successfully for message: {"message": "I just saw a movie! It was weird.", "author": "Bob"}

2025-09-18 18:50:25 | INFO | {'message': 'I just found an app! It was boring.', 'author': 'Alice'}
2025-09-18 18:50:25 | INFO | Processed JSON message: {'message': 'I just found an app! It was boring.', 'author': 'Alice'}
2025-09-18 18:50:25 | INFO | Message received from author: Alice
2025-09-18 18:50:25 | INFO | Updated author counts: {'Bob': 4, 'Alice': 5, 'Eve': 1, 'Charlie': 1}
2025-09-18 18:50:26 | INFO | Chart updated successfully for message: {"message": "I just found an app! It was boring.", "author": "Alice"}

2025-09-18 18:50:28 | INFO | {'message': 'I just loved a movie! It was funny.', 'author': 'Charlie'}
2025-09-18 18:50:28 | INFO | Processed JSON message: {'message': 'I just loved a movie! It was funny.', 'author': 'Charlie'}
2025-09-18 18:50:28 | INFO | Message received from author: Charlie
2025-09-18 18:50:28 | INFO | Updated author counts: {'Bob': 4, 'Alice': 5, 'Eve': 1, 'Charlie': 2}
2025-09-18 18:50:28 | INFO | Chart updated successfully for message: {"message": "I just loved a movie! It was funny.", "author": "Charlie"}

2025-09-18 18:50:31 | INFO | {'message': 'I just shared a meme! It was amazing.', 'author': 'Eve'}
2025-09-18 18:50:31 | INFO | Processed JSON message: {'message': 'I just shared a meme! It was amazing.', 'author': 'Eve'}
2025-09-18 18:50:31 | INFO | Message received from author: Eve
2025-09-18 18:50:31 | INFO | Updated author counts: {'Bob': 4, 'Alice': 5, 'Eve': 2, 'Charlie': 2}
2025-09-18 18:50:32 | INFO | Chart updated successfully for message: {"message": "I just shared a meme! It was amazing.", "author": "Eve"}

2025-09-18 18:50:34 | INFO | {'message': 'I just tried a story! It was exciting.', 'author': 'Eve'}
2025-09-18 18:50:34 | INFO | Processed JSON message: {'message': 'I just tried a story! It was exciting.', 'author': 'Eve'}
2025-09-18 18:50:34 | INFO | Message received from author: Eve
2025-09-18 18:50:34 | INFO | Updated author counts: {'Bob': 4, 'Alice': 5, 'Eve': 3, 'Charlie': 2}
2025-09-18 18:50:34 | INFO | Chart updated successfully for message: {"message": "I just tried a story! It was exciting.", "author": "Eve"}

2025-09-18 18:50:37 | INFO | {'message': 'I just shared a movie! It was funny.', 'author': 'Bob'}
2025-09-18 18:50:37 | INFO | Processed JSON message: {'message': 'I just shared a movie! It was funny.', 'author': 'Bob'}
2025-09-18 18:50:37 | INFO | Message received from author: Bob
2025-09-18 18:50:37 | INFO | Updated author counts: {'Bob': 5, 'Alice': 5, 'Eve': 3, 'Charlie': 2}
2025-09-18 18:50:38 | INFO | Chart updated successfully for message: {"message": "I just shared a movie! It was funny.", "author": "Bob"}

2025-09-18 18:50:40 | INFO | {'message': 'I just shared a movie! It was boring.', 'author': 'Bob'}
2025-09-18 18:50:40 | INFO | Processed JSON message: {'message': 'I just shared a movie! It was boring.', 'author': 'Bob'}
2025-09-18 18:50:40 | INFO | Message received from author: Bob
2025-09-18 18:50:40 | INFO | Updated author counts: {'Bob': 6, 'Alice': 5, 'Eve': 3, 'Charlie': 2}
2025-09-18 18:50:41 | INFO | Chart updated successfully for message: {"message": "I just shared a movie! It was boring.", "author": "Bob"}

2025-09-18 18:50:43 | INFO | {'message': 'I just saw a movie! It was amazing.', 'author': 'Bob'}
2025-09-18 18:50:43 | INFO | Processed JSON message: {'message': 'I just saw a movie! It was amazing.', 'author': 'Bob'}
2025-09-18 18:50:43 | INFO | Message received from author: Bob
2025-09-18 18:50:43 | INFO | Updated author counts: {'Bob': 7, 'Alice': 5, 'Eve': 3, 'Charlie': 2}
2025-09-18 18:50:44 | INFO | Chart updated successfully for message: {"message": "I just saw a movie! It was amazing.", "author": "Bob"}

2025-09-18 18:50:46 | INFO | {'message': 'I just saw a meme! It was funny.', 'author': 'Alice'}
2025-09-18 18:50:47 | INFO | Processed JSON message: {'message': 'I just saw a meme! It was funny.', 'author': 'Alice'}
2025-09-18 18:50:47 | INFO | Message received from author: Alice
2025-09-18 18:50:47 | INFO | Updated author counts: {'Bob': 7, 'Alice': 6, 'Eve': 3, 'Charlie': 2}
2025-09-18 18:50:47 | INFO | Chart updated successfully for message: {"message": "I just saw a meme! It was funny.", "author": "Alice"}

2025-09-18 18:50:49 | INFO | {'message': 'I just found a story! It was boring.', 'author': 'Bob'}
2025-09-18 18:50:49 | INFO | Processed JSON message: {'message': 'I just found a story! It was boring.', 'author': 'Bob'}
2025-09-18 18:50:49 | INFO | Message received from author: Bob
2025-09-18 18:50:49 | INFO | Updated author counts: {'Bob': 8, 'Alice': 6, 'Eve': 3, 'Charlie': 2}
2025-09-18 18:50:50 | INFO | Chart updated successfully for message: {"message": "I just found a story! It was boring.", "author": "Bob"}

2025-09-18 18:50:52 | INFO | {'message': 'I just shared a story! It was boring.', 'author': 'Bob'}
2025-09-18 18:50:53 | INFO | Processed JSON message: {'message': 'I just shared a story! It was boring.', 'author': 'Bob'}
2025-09-18 18:50:53 | INFO | Message received from author: Bob
2025-09-18 18:50:53 | INFO | Updated author counts: {'Bob': 9, 'Alice': 6, 'Eve': 3, 'Charlie': 2}
2025-09-18 18:50:53 | INFO | Chart updated successfully for message: {"message": "I just shared a story! It was boring.", "author": "Bob"}

2025-09-18 18:50:55 | INFO | {'message': 'I just saw a story! It was funny.', 'author': 'Eve'}
2025-09-18 18:50:55 | INFO | Processed JSON message: {'message': 'I just saw a story! It was funny.', 'author': 'Eve'}
2025-09-18 18:50:55 | INFO | Message received from author: Eve
2025-09-18 18:50:55 | INFO | Updated author counts: {'Bob': 9, 'Alice': 6, 'Eve': 4, 'Charlie': 2}
2025-09-18 18:50:55 | INFO | Chart updated successfully for message: {"message": "I just saw a story! It was funny.", "author": "Eve"}

2025-09-18 18:50:58 | INFO | {'message': 'I just shared a story! It was funny.', 'author': 'Eve'}
2025-09-18 18:50:58 | INFO | Processed JSON message: {'message': 'I just shared a story! It was funny.', 'author': 'Eve'}
2025-09-18 18:50:58 | INFO | Message received from author: Eve
2025-09-18 18:50:58 | INFO | Updated author counts: {'Bob': 9, 'Alice': 6, 'Eve': 5, 'Charlie': 2}
2025-09-18 18:50:59 | INFO | Chart updated successfully for message: {"message": "I just shared a story! It was funny.", "author": "Eve"}

2025-09-18 18:51:01 | INFO | {'message': 'I just saw a movie! It was weird.', 'author': 'Eve'}
2025-09-18 18:51:02 | INFO | Processed JSON message: {'message': 'I just saw a movie! It was weird.', 'author': 'Eve'}
2025-09-18 18:51:02 | INFO | Message received from author: Eve
2025-09-18 18:51:02 | INFO | Updated author counts: {'Bob': 9, 'Alice': 6, 'Eve': 6, 'Charlie': 2}
2025-09-18 18:51:02 | INFO | Chart updated successfully for message: {"message": "I just saw a movie! It was weird.", "author": "Eve"}

2025-09-18 18:51:04 | INFO | {'message': 'I just loved an app! It was exciting.', 'author': 'Eve'}
2025-09-18 18:51:04 | INFO | Processed JSON message: {'message': 'I just loved an app! It was exciting.', 'author': 'Eve'}
2025-09-18 18:51:04 | INFO | Message received from author: Eve
2025-09-18 18:51:04 | INFO | Updated author counts: {'Bob': 9, 'Alice': 6, 'Eve': 7, 'Charlie': 2}
2025-09-18 18:51:05 | INFO | Chart updated successfully for message: {"message": "I just loved an app! It was exciting.", "author": "Eve"}

2025-09-18 18:51:07 | INFO | {'message': 'I just shared a trick! It was weird.', 'author': 'Bob'}
2025-09-18 18:51:08 | INFO | Processed JSON message: {'message': 'I just shared a trick! It was weird.', 'author': 'Bob'}
2025-09-18 18:51:08 | INFO | Message received from author: Bob
2025-09-18 18:51:08 | INFO | Updated author counts: {'Bob': 10, 'Alice': 6, 'Eve': 7, 'Charlie': 2}
2025-09-18 18:51:08 | INFO | Chart updated successfully for message: {"message": "I just shared a trick! It was weird.", "author": "Bob"}

2025-09-18 18:51:10 | INFO | {'message': 'I just shared a story! It was funny.', 'author': 'Eve'}
2025-09-18 18:51:10 | INFO | Processed JSON message: {'message': 'I just shared a story! It was funny.', 'author': 'Eve'}
2025-09-18 18:51:10 | INFO | Message received from author: Eve
2025-09-18 18:51:10 | INFO | Updated author counts: {'Bob': 10, 'Alice': 6, 'Eve': 8, 'Charlie': 2}
2025-09-18 18:51:11 | INFO | Chart updated successfully for message: {"message": "I just shared a story! It was funny.", "author": "Eve"}

2025-09-18 18:51:13 | INFO | {'message': 'I just saw a movie! It was amazing.', 'author': 'Alice'}
2025-09-18 18:51:14 | INFO | Processed JSON message: {'message': 'I just saw a movie! It was amazing.', 'author': 'Alice'}
2025-09-18 18:51:14 | INFO | Message received from author: Alice
2025-09-18 18:51:14 | INFO | Updated author counts: {'Bob': 10, 'Alice': 7, 'Eve': 8, 'Charlie': 2}
2025-09-18 18:51:14 | INFO | Chart updated successfully for message: {"message": "I just saw a movie! It was amazing.", "author": "Alice"}

2025-09-18 18:51:16 | INFO | {'message': 'I just tried a story! It was exciting.', 'author': 'Eve'}
2025-09-18 18:51:16 | INFO | Processed JSON message: {'message': 'I just tried a story! It was exciting.', 'author': 'Eve'}
2025-09-18 18:51:16 | INFO | Message received from author: Eve
2025-09-18 18:51:16 | INFO | Updated author counts: {'Bob': 10, 'Alice': 7, 'Eve': 9, 'Charlie': 2}
2025-09-18 18:51:17 | INFO | Chart updated successfully for message: {"message": "I just tried a story! It was exciting.", "author": "Eve"}

2025-09-18 18:51:19 | INFO | {'message': 'I just loved a meme! It was exciting.', 'author': 'Bob'}
2025-09-18 18:51:20 | INFO | Processed JSON message: {'message': 'I just loved a meme! It was exciting.', 'author': 'Bob'}
2025-09-18 18:51:20 | INFO | Message received from author: Bob
2025-09-18 18:51:20 | INFO | Updated author counts: {'Bob': 11, 'Alice': 7, 'Eve': 9, 'Charlie': 2}
2025-09-18 18:51:20 | INFO | Chart updated successfully for message: {"message": "I just loved a meme! It was exciting.", "author": "Bob"}

2025-09-18 18:51:22 | INFO | {'message': 'I just loved an app! It was funny.', 'author': 'Bob'}
2025-09-18 18:51:22 | INFO | Processed JSON message: {'message': 'I just loved an app! It was funny.', 'author': 'Bob'}
2025-09-18 18:51:22 | INFO | Message received from author: Bob
2025-09-18 18:51:22 | INFO | Updated author counts: {'Bob': 12, 'Alice': 7, 'Eve': 9, 'Charlie': 2}
2025-09-18 18:51:23 | INFO | Chart updated successfully for message: {"message": "I just loved an app! It was funny.", "author": "Bob"}

2025-09-18 18:51:25 | INFO | {'message': 'I just found a meme! It was amazing.', 'author': 'Charlie'}
2025-09-18 18:51:25 | INFO | Processed JSON message: {'message': 'I just found a meme! It was amazing.', 'author': 'Charlie'}
2025-09-18 18:51:25 | INFO | Message received from author: Charlie
2025-09-18 18:51:25 | INFO | Updated author counts: {'Bob': 12, 'Alice': 7, 'Eve': 9, 'Charlie': 3}
2025-09-18 18:51:26 | INFO | Chart updated successfully for message: {"message": "I just found a meme! It was amazing.", "author": "Charlie"}

2025-09-18 18:51:28 | INFO | {'message': 'I just shared a meme! It was amazing.', 'author': 'Bob'}
2025-09-18 18:51:29 | INFO | Processed JSON message: {'message': 'I just shared a meme! It was amazing.', 'author': 'Bob'}
2025-09-18 18:51:29 | INFO | Message received from author: Bob
2025-09-18 18:51:29 | INFO | Updated author counts: {'Bob': 13, 'Alice': 7, 'Eve': 9, 'Charlie': 3}
2025-09-18 18:51:29 | INFO | Chart updated successfully for message: {"message": "I just shared a meme! It was amazing.", "author": "Bob"}

2025-09-18 18:51:31 | INFO | {'message': 'I just tried a story! It was amazing.', 'author': 'Bob'}
2025-09-18 18:51:31 | INFO | Processed JSON message: {'message': 'I just tried a story! It was amazing.', 'author': 'Bob'}
2025-09-18 18:51:31 | INFO | Message received from author: Bob
2025-09-18 18:51:31 | INFO | Updated author counts: {'Bob': 14, 'Alice': 7, 'Eve': 9, 'Charlie': 3}
2025-09-18 18:51:32 | INFO | Chart updated successfully for message: {"message": "I just tried a story! It was amazing.", "author": "Bob"}

2025-09-18 18:51:34 | INFO | {'message': 'I just shared a trick! It was weird.', 'author': 'Bob'}
2025-09-18 18:51:34 | INFO | Processed JSON message: {'message': 'I just shared a trick! It was weird.', 'author': 'Bob'}
2025-09-18 18:51:34 | INFO | Message received from author: Bob
2025-09-18 18:51:34 | INFO | Updated author counts: {'Bob': 15, 'Alice': 7, 'Eve': 9, 'Charlie': 3}
2025-09-18 18:51:34 | INFO | Chart updated successfully for message: {"message": "I just shared a trick! It was weird.", "author": "Bob"}

2025-09-18 18:51:37 | INFO | {'message': 'I just tried a trick! It was amazing.', 'author': 'Charlie'}
2025-09-18 18:51:37 | INFO | Processed JSON message: {'message': 'I just tried a trick! It was amazing.', 'author': 'Charlie'}
2025-09-18 18:51:37 | INFO | Message received from author: Charlie
2025-09-18 18:51:37 | INFO | Updated author counts: {'Bob': 15, 'Alice': 7, 'Eve': 9, 'Charlie': 4}
2025-09-18 18:51:38 | INFO | Chart updated successfully for message: {"message": "I just tried a trick! It was amazing.", "author": "Charlie"}

2025-09-18 18:51:40 | INFO | {'message': 'I just saw a meme! It was weird.', 'author': 'Bob'}
2025-09-18 18:51:41 | INFO | Processed JSON message: {'message': 'I just saw a meme! It was weird.', 'author': 'Bob'}
2025-09-18 18:51:41 | INFO | Message received from author: Bob
2025-09-18 18:51:41 | INFO | Updated author counts: {'Bob': 16, 'Alice': 7, 'Eve': 9, 'Charlie': 4}
2025-09-18 18:51:41 | INFO | Chart updated successfully for message: {"message": "I just saw a meme! It was weird.", "author": "Bob"}

2025-09-18 18:51:43 | INFO | {'message': 'I just found a meme! It was exciting.', 'author': 'Eve'}
2025-09-18 18:51:43 | INFO | Processed JSON message: {'message': 'I just found a meme! It was exciting.', 'author': 'Eve'}
2025-09-18 18:51:43 | INFO | Message received from author: Eve
2025-09-18 18:51:43 | INFO | Updated author counts: {'Bob': 16, 'Alice': 7, 'Eve': 10, 'Charlie': 4}
2025-09-18 18:51:44 | INFO | Chart updated successfully for message: {"message": "I just found a meme! It was exciting.", "author": "Eve"}

2025-09-18 18:51:46 | INFO | {'message': 'I just tried a movie! It was boring.', 'author': 'Alice'}
2025-09-18 18:51:47 | INFO | Processed JSON message: {'message': 'I just tried a movie! It was boring.', 'author': 'Alice'}
2025-09-18 18:51:47 | INFO | Message received from author: Alice
2025-09-18 18:51:47 | INFO | Updated author counts: {'Bob': 16, 'Alice': 8, 'Eve': 10, 'Charlie': 4}
2025-09-18 18:51:47 | INFO | Chart updated successfully for message: {"message": "I just tried a movie! It was boring.", "author": "Alice"}

2025-09-18 18:51:49 | INFO | {'message': 'I just loved a meme! It was exciting.', 'author': 'Alice'}
2025-09-18 18:51:49 | INFO | Processed JSON message: {'message': 'I just loved a meme! It was exciting.', 'author': 'Alice'}
2025-09-18 18:51:49 | INFO | Message received from author: Alice
2025-09-18 18:51:49 | INFO | Updated author counts: {'Bob': 16, 'Alice': 9, 'Eve': 10, 'Charlie': 4}
2025-09-18 18:51:50 | INFO | Chart updated successfully for message: {"message": "I just loved a meme! It was exciting.", "author": "Alice"}

2025-09-18 18:51:52 | INFO | {'message': 'I just tried a meme! It was amazing.', 'author': 'Alice'}
2025-09-18 18:51:53 | INFO | Processed JSON message: {'message': 'I just tried a meme! It was amazing.', 'author': 'Alice'}
2025-09-18 18:51:53 | INFO | Message received from author: Alice
2025-09-18 18:51:53 | INFO | Updated author counts: {'Bob': 16, 'Alice': 10, 'Eve': 10, 'Charlie': 4}
2025-09-18 18:51:53 | INFO | Chart updated successfully for message: {"message": "I just tried a meme! It was amazing.", "author": "Alice"}

2025-09-18 18:51:55 | INFO | {'message': 'I just tried an app! It was weird.', 'author': 'Bob'}
2025-09-18 18:51:55 | INFO | Processed JSON message: {'message': 'I just tried an app! It was weird.', 'author': 'Bob'}
2025-09-18 18:51:55 | INFO | Message received from author: Bob
2025-09-18 18:51:55 | INFO | Updated author counts: {'Bob': 17, 'Alice': 10, 'Eve': 10, 'Charlie': 4}
2025-09-18 18:51:56 | INFO | Chart updated successfully for message: {"message": "I just tried an app! It was weird.", "author": "Bob"}

2025-09-18 18:51:58 | INFO | {'message': 'I just saw a movie! It was amazing.', 'author': 'Eve'}
2025-09-18 18:51:59 | INFO | Processed JSON message: {'message': 'I just saw a movie! It was amazing.', 'author': 'Eve'}
2025-09-18 18:51:59 | INFO | Message received from author: Eve
2025-09-18 18:51:59 | INFO | Updated author counts: {'Bob': 17, 'Alice': 10, 'Eve': 11, 'Charlie': 4}
2025-09-18 18:51:59 | INFO | Chart updated successfully for message: {"message": "I just saw a movie! It was amazing.", "author": "Eve"}

2025-09-18 18:52:01 | INFO | {'message': 'I just saw a meme! It was exciting.', 'author': 'Charlie'}
2025-09-18 18:52:01 | INFO | Processed JSON message: {'message': 'I just saw a meme! It was exciting.', 'author': 'Charlie'}
2025-09-18 18:52:01 | INFO | Message received from author: Charlie
2025-09-18 18:52:01 | INFO | Updated author counts: {'Bob': 17, 'Alice': 10, 'Eve': 11, 'Charlie': 5}
2025-09-18 18:52:02 | INFO | Chart updated successfully for message: {"message": "I just saw a meme! It was exciting.", "author": "Charlie"}

2025-09-18 18:52:04 | INFO | {'message': 'I just loved a trick! It was amazing.', 'author': 'Charlie'}
2025-09-18 18:52:05 | INFO | Processed JSON message: {'message': 'I just loved a trick! It was amazing.', 'author': 'Charlie'}
2025-09-18 18:52:05 | INFO | Message received from author: Charlie
2025-09-18 18:52:05 | INFO | Updated author counts: {'Bob': 17, 'Alice': 10, 'Eve': 11, 'Charlie': 6}
2025-09-18 18:52:05 | INFO | Chart updated successfully for message: {"message": "I just loved a trick! It was amazing.", "author": "Charlie"}

2025-09-18 18:52:07 | INFO | {'message': 'I just loved a movie! It was amazing.', 'author': 'Alice'}
2025-09-18 18:52:07 | INFO | Processed JSON message: {'message': 'I just loved a movie! It was amazing.', 'author': 'Alice'}
2025-09-18 18:52:07 | INFO | Message received from author: Alice
2025-09-18 18:52:07 | INFO | Updated author counts: {'Bob': 17, 'Alice': 11, 'Eve': 11, 'Charlie': 6}
2025-09-18 18:52:08 | INFO | Chart updated successfully for message: {"message": "I just loved a movie! It was amazing.", "author": "Alice"}

2025-09-18 18:52:10 | INFO | {'message': 'I just shared an app! It was funny.', 'author': 'Eve'}
2025-09-18 18:52:11 | INFO | Processed JSON message: {'message': 'I just shared an app! It was funny.', 'author': 'Eve'}
2025-09-18 18:52:11 | INFO | Message received from author: Eve
2025-09-18 18:52:11 | INFO | Updated author counts: {'Bob': 17, 'Alice': 11, 'Eve': 12, 'Charlie': 6}
2025-09-18 18:52:11 | INFO | Chart updated successfully for message: {"message": "I just shared an app! It was funny.", "author": "Eve"}

2025-09-18 18:52:13 | INFO | {'message': 'I just saw a meme! It was amazing.', 'author': 'Eve'}
2025-09-18 18:52:13 | INFO | Processed JSON message: {'message': 'I just saw a meme! It was amazing.', 'author': 'Eve'}
2025-09-18 18:52:13 | INFO | Message received from author: Eve
2025-09-18 18:52:13 | INFO | Updated author counts: {'Bob': 17, 'Alice': 11, 'Eve': 13, 'Charlie': 6}
2025-09-18 18:52:14 | INFO | Chart updated successfully for message: {"message": "I just saw a meme! It was amazing.", "author": "Eve"}

2025-09-18 18:52:16 | INFO | {'message': 'I just saw a story! It was weird.', 'author': 'Bob'}
2025-09-18 18:52:16 | INFO | Processed JSON message: {'message': 'I just saw a story! It was weird.', 'author': 'Bob'}
2025-09-18 18:52:16 | INFO | Message received from author: Bob
2025-09-18 18:52:16 | INFO | Updated author counts: {'Bob': 18, 'Alice': 11, 'Eve': 13, 'Charlie': 6}
2025-09-18 18:52:17 | INFO | Chart updated successfully for message: {"message": "I just saw a story! It was weird.", "author": "Bob"}

2025-09-18 18:52:17 | INFO | Consumer interrupted by user.
2025-09-18 18:52:19 | INFO | {'message': 'I just tried a movie! It was funny.', 'author': 'Bob'}
2025-09-18 18:52:20 | WARNING | Producer interrupted by user.
2025-09-18 18:52:20 | INFO | Producer shutting down.
2025-09-18 18:52:25 | INFO | Consumer closed.
2025-09-18 18:55:07 | INFO | Logging to file: logs/project_log.log
2025-09-18 18:55:07 | INFO | Log sanitization enabled, personal info removed
2025-09-18 18:55:07 | INFO | Project root: C:/Users/USER/Documents/44671/buzzline-04-dowdle
2025-09-18 18:55:07 | INFO | Data folder: C:/Users/USER/Documents/44671/buzzline-04-dowdle/data
2025-09-18 18:55:07 | INFO | Data file: C:/Users/USER/Documents/44671/buzzline-04-dowdle/data/buzz.json
2025-09-18 18:55:07 | INFO | START producer.
2025-09-18 18:55:07 | INFO | Kafka broker address: localhost:9092
2025-09-18 18:55:08 | INFO | Kafka is ready. Brokers: {'throttle_time_ms': 0, 'brokers': [{'node_id': 1, 'host': 'localhost', 'port': 9092, 'rack': None}], 'cluster_id': 'N6hvXfg2QL-uPxvF0foOZQ', 'controller_id': 1}
2025-09-18 18:55:08 | INFO | Kafka topic: buzzline_json
2025-09-18 18:55:08 | INFO | Message interval: 3 seconds
2025-09-18 18:55:08 | INFO | Kafka broker address: localhost:9092
2025-09-18 18:55:08 | INFO | Connecting to Kafka broker at localhost:9092...
2025-09-18 18:55:08 | INFO | Kafka producer successfully created.
2025-09-18 18:55:08 | INFO | Kafka broker address: localhost:9092
2025-09-18 18:55:08 | INFO | Topic 'buzzline_json' already exists. Recreating fresh...
2025-09-18 18:55:09 | INFO | Requested deletion of topic 'buzzline_json'.
2025-09-18 18:55:09 | INFO | Topic 'buzzline_json' created successfully.
2025-09-18 18:55:09 | INFO | Kafka topic 'buzzline_json' is ready.
2025-09-18 18:55:09 | INFO | Starting message production to topic 'buzzline_json'...
2025-09-18 18:55:09 | INFO | Opening data file in read mode: C:/Users/USER/Documents/44671/buzzline-04-dowdle/data/buzz.json
2025-09-18 18:55:09 | INFO | Reading data from file: C:/Users/USER/Documents/44671/buzzline-04-dowdle/data/buzz.json
2025-09-18 18:55:09 | INFO | Sent message to topic 'buzzline_json': {'message': 'Data engineering is my passion.', 'author': 'Eve'}
2025-09-18 18:55:12 | INFO | Sent message to topic 'buzzline_json': {'message': 'Distributed systems are fascinating.', 'author': 'Alice'}
2025-09-18 18:55:15 | INFO | Sent message to topic 'buzzline_json': {'message': 'Have a great day!', 'author': 'Charlie'}
2025-09-18 18:55:18 | INFO | Sent message to topic 'buzzline_json': {'message': 'Data engineering is my passion.', 'author': 'Alice'}
2025-09-18 18:55:21 | INFO | Sent message to topic 'buzzline_json': {'message': 'Distributed systems are fascinating.', 'author': 'Diana'}
2025-09-18 18:55:24 | INFO | Sent message to topic 'buzzline_json': {'message': 'Buzz messages for everyone.', 'author': 'Alice'}
2025-09-18 18:55:24 | INFO | Logging to file: logs/project_log.log
2025-09-18 18:55:24 | INFO | Log sanitization enabled, personal info removed
2025-09-18 18:55:25 | INFO | START consumer.
2025-09-18 18:55:25 | INFO | Kafka topic: buzzline_json
2025-09-18 18:55:25 | INFO | Kafka consumer group id: buzz_group
2025-09-18 18:55:25 | INFO | Consumer: Topic 'buzzline_json' and group 'buzz_group'...
2025-09-18 18:55:25 | INFO | Kafka broker address: localhost:9092
2025-09-18 18:55:25 | INFO | Creating Kafka consumer. Topic='buzzline_json' and group ID='buzz_group'.
2025-09-18 18:55:25 | INFO | Kafka consumer created successfully.
2025-09-18 18:55:25 | INFO | Polling messages from topic 'buzzline_json'...
2025-09-18 18:55:25 | ERROR | Error while consuming messages: Invalid file descriptor: -1
2025-09-18 18:55:27 | INFO | Sent message to topic 'buzzline_json': {'message': 'Hello, Kafka world!', 'author': 'Diana'}
2025-09-18 18:55:28 | INFO | Kafka consumer for topic 'buzzline_json' closed.
2025-09-18 18:55:28 | INFO | END consumer for topic 'buzzline_json' and group 'buzz_group'.
2025-09-18 18:55:30 | INFO | Sent message to topic 'buzzline_json': {'message': 'This is a buzz message.', 'author': 'Eve'}
2025-09-18 18:55:33 | INFO | Sent message to topic 'buzzline_json': {'message': 'JSON makes life easier.', 'author': 'Eve'}
2025-09-18 18:55:36 | INFO | Sent message to topic 'buzzline_json': {'message': 'JSON makes life easier.', 'author': 'Alice'}
2025-09-18 18:55:39 | INFO | Sent message to topic 'buzzline_json': {'message': 'Data engineering is my passion.', 'author': 'Diana'}
2025-09-18 18:55:42 | INFO | Sent message to topic 'buzzline_json': {'message': 'JSON makes life easier.', 'author': 'Diana'}
2025-09-18 18:55:45 | INFO | Sent message to topic 'buzzline_json': {'message': 'Kafka is awesome.', 'author': 'Charlie'}
2025-09-18 18:55:48 | INFO | Sent message to topic 'buzzline_json': {'message': 'JSON makes life easier.', 'author': 'Bob'}
2025-09-18 18:55:51 | INFO | Sent message to topic 'buzzline_json': {'message': 'I love Python!', 'author': 'Bob'}
2025-09-18 18:55:54 | INFO | Sent message to topic 'buzzline_json': {'message': 'This is a buzz message.', 'author': 'Eve'}
2025-09-18 18:55:57 | INFO | Sent message to topic 'buzzline_json': {'message': 'I love Python!', 'author': 'Eve'}
2025-09-18 18:56:00 | INFO | Sent message to topic 'buzzline_json': {'message': 'Buzz messages for everyone.', 'author': 'Alice'}
2025-09-18 18:56:03 | INFO | Sent message to topic 'buzzline_json': {'message': 'This is a buzz message.', 'author': 'Alice'}
2025-09-18 18:56:06 | INFO | Sent message to topic 'buzzline_json': {'message': 'Data engineering is my passion.', 'author': 'Diana'}
2025-09-18 18:56:08 | INFO | Logging to file: logs/project_log.log
2025-09-18 18:56:08 | INFO | Log sanitization enabled, personal info removed
2025-09-18 18:56:08 | INFO | START consumer.
2025-09-18 18:56:08 | INFO | Kafka topic: buzzline_json
2025-09-18 18:56:08 | INFO | Kafka consumer group id: buzz_group
2025-09-18 18:56:08 | INFO | Consumer: Topic 'buzzline_json' and group 'buzz_group'...
2025-09-18 18:56:08 | INFO | Kafka broker address: localhost:9092
2025-09-18 18:56:08 | INFO | Creating Kafka consumer. Topic='buzzline_json' and group ID='buzz_group'.
2025-09-18 18:56:09 | INFO | Kafka consumer created successfully.
2025-09-18 18:56:09 | INFO | Polling messages from topic 'buzzline_json'...
2025-09-18 18:56:09 | INFO | Sent message to topic 'buzzline_json': {'message': 'I love Python!', 'author': 'Eve'}
2025-09-18 18:56:12 | INFO | Sent message to topic 'buzzline_json': {'message': 'JSON makes life easier.', 'author': 'Charlie'}
2025-09-18 18:56:12 | INFO | Processed JSON message: {'message': 'Data engineering is my passion.', 'author': 'Eve'}
2025-09-18 18:56:12 | INFO | Message received from author: Eve
2025-09-18 18:56:12 | INFO | Updated author counts: {'Eve': 1}
2025-09-18 18:56:13 | INFO | Chart updated successfully for message: {"message": "Data engineering is my passion.", "author": "Eve"}
2025-09-18 18:56:13 | INFO | Processed JSON message: {'message': 'Distributed systems are fascinating.', 'author': 'Alice'}
2025-09-18 18:56:13 | INFO | Message received from author: Alice
2025-09-18 18:56:13 | INFO | Updated author counts: {'Eve': 1, 'Alice': 1}
2025-09-18 18:56:13 | INFO | Chart updated successfully for message: {"message": "Distributed systems are fascinating.", "author": "Alice"}
2025-09-18 18:56:13 | INFO | Processed JSON message: {'message': 'Have a great day!', 'author': 'Charlie'}
2025-09-18 18:56:13 | INFO | Message received from author: Charlie
2025-09-18 18:56:13 | INFO | Updated author counts: {'Eve': 1, 'Alice': 1, 'Charlie': 1}
2025-09-18 18:56:13 | INFO | Chart updated successfully for message: {"message": "Have a great day!", "author": "Charlie"}
2025-09-18 18:56:13 | INFO | Processed JSON message: {'message': 'Data engineering is my passion.', 'author': 'Alice'}
2025-09-18 18:56:13 | INFO | Message received from author: Alice
2025-09-18 18:56:13 | INFO | Updated author counts: {'Eve': 1, 'Alice': 2, 'Charlie': 1}
2025-09-18 18:56:13 | INFO | Chart updated successfully for message: {"message": "Data engineering is my passion.", "author": "Alice"}
2025-09-18 18:56:13 | INFO | Processed JSON message: {'message': 'Distributed systems are fascinating.', 'author': 'Diana'}
2025-09-18 18:56:13 | INFO | Message received from author: Diana
2025-09-18 18:56:13 | INFO | Updated author counts: {'Eve': 1, 'Alice': 2, 'Charlie': 1, 'Diana': 1}
2025-09-18 18:56:14 | INFO | Chart updated successfully for message: {"message": "Distributed systems are fascinating.", "author": "Diana"}
2025-09-18 18:56:14 | INFO | Processed JSON message: {'message': 'Buzz messages for everyone.', 'author': 'Alice'}
2025-09-18 18:56:14 | INFO | Message received from author: Alice
2025-09-18 18:56:14 | INFO | Updated author counts: {'Eve': 1, 'Alice': 3, 'Charlie': 1, 'Diana': 1}
2025-09-18 18:56:14 | INFO | Chart updated successfully for message: {"message": "Buzz messages for everyone.", "author": "Alice"}
2025-09-18 18:56:14 | INFO | Processed JSON message: {'message': 'Hello, Kafka world!', 'author': 'Diana'}
2025-09-18 18:56:14 | INFO | Message received from author: Diana
2025-09-18 18:56:14 | INFO | Updated author counts: {'Eve': 1, 'Alice': 3, 'Charlie': 1, 'Diana': 2}
2025-09-18 18:56:14 | INFO | Chart updated successfully for message: {"message": "Hello, Kafka world!", "author": "Diana"}
2025-09-18 18:56:14 | INFO | Processed JSON message: {'message': 'This is a buzz message.', 'author': 'Eve'}
2025-09-18 18:56:14 | INFO | Message received from author: Eve
2025-09-18 18:56:14 | INFO | Updated author counts: {'Eve': 2, 'Alice': 3, 'Charlie': 1, 'Diana': 2}
2025-09-18 18:56:14 | INFO | Chart updated successfully for message: {"message": "This is a buzz message.", "author": "Eve"}
2025-09-18 18:56:14 | INFO | Processed JSON message: {'message': 'JSON makes life easier.', 'author': 'Eve'}
2025-09-18 18:56:14 | INFO | Message received from author: Eve
2025-09-18 18:56:14 | INFO | Updated author counts: {'Eve': 3, 'Alice': 3, 'Charlie': 1, 'Diana': 2}
2025-09-18 18:56:14 | INFO | Chart updated successfully for message: {"message": "JSON makes life easier.", "author": "Eve"}
2025-09-18 18:56:14 | INFO | Processed JSON message: {'message': 'JSON makes life easier.', 'author': 'Alice'}
2025-09-18 18:56:14 | INFO | Message received from author: Alice
2025-09-18 18:56:14 | INFO | Updated author counts: {'Eve': 3, 'Alice': 4, 'Charlie': 1, 'Diana': 2}
2025-09-18 18:56:15 | INFO | Chart updated successfully for message: {"message": "JSON makes life easier.", "author": "Alice"}
2025-09-18 18:56:15 | INFO | Processed JSON message: {'message': 'Data engineering is my passion.', 'author': 'Diana'}
2025-09-18 18:56:15 | INFO | Message received from author: Diana
2025-09-18 18:56:15 | INFO | Updated author counts: {'Eve': 3, 'Alice': 4, 'Charlie': 1, 'Diana': 3}
2025-09-18 18:56:15 | INFO | Chart updated successfully for message: {"message": "Data engineering is my passion.", "author": "Diana"}
2025-09-18 18:56:15 | INFO | Processed JSON message: {'message': 'JSON makes life easier.', 'author': 'Diana'}
2025-09-18 18:56:15 | INFO | Message received from author: Diana
2025-09-18 18:56:15 | INFO | Updated author counts: {'Eve': 3, 'Alice': 4, 'Charlie': 1, 'Diana': 4}
2025-09-18 18:56:15 | INFO | Sent message to topic 'buzzline_json': {'message': 'Have a great day!', 'author': 'Bob'}
2025-09-18 18:56:15 | INFO | Chart updated successfully for message: {"message": "JSON makes life easier.", "author": "Diana"}
2025-09-18 18:56:15 | INFO | Processed JSON message: {'message': 'Kafka is awesome.', 'author': 'Charlie'}
2025-09-18 18:56:15 | INFO | Message received from author: Charlie
2025-09-18 18:56:15 | INFO | Updated author counts: {'Eve': 3, 'Alice': 4, 'Charlie': 2, 'Diana': 4}
2025-09-18 18:56:15 | INFO | Chart updated successfully for message: {"message": "Kafka is awesome.", "author": "Charlie"}
2025-09-18 18:56:15 | INFO | Processed JSON message: {'message': 'JSON makes life easier.', 'author': 'Bob'}
2025-09-18 18:56:15 | INFO | Message received from author: Bob
2025-09-18 18:56:15 | INFO | Updated author counts: {'Eve': 3, 'Alice': 4, 'Charlie': 2, 'Diana': 4, 'Bob': 1}
2025-09-18 18:56:16 | INFO | Chart updated successfully for message: {"message": "JSON makes life easier.", "author": "Bob"}
2025-09-18 18:56:16 | INFO | Processed JSON message: {'message': 'I love Python!', 'author': 'Bob'}
2025-09-18 18:56:16 | INFO | Message received from author: Bob
2025-09-18 18:56:16 | INFO | Updated author counts: {'Eve': 3, 'Alice': 4, 'Charlie': 2, 'Diana': 4, 'Bob': 2}
2025-09-18 18:56:16 | INFO | Chart updated successfully for message: {"message": "I love Python!", "author": "Bob"}
2025-09-18 18:56:16 | INFO | Processed JSON message: {'message': 'This is a buzz message.', 'author': 'Eve'}
2025-09-18 18:56:16 | INFO | Message received from author: Eve
2025-09-18 18:56:16 | INFO | Updated author counts: {'Eve': 4, 'Alice': 4, 'Charlie': 2, 'Diana': 4, 'Bob': 2}
2025-09-18 18:56:16 | INFO | Chart updated successfully for message: {"message": "This is a buzz message.", "author": "Eve"}
2025-09-18 18:56:16 | INFO | Processed JSON message: {'message': 'I love Python!', 'author': 'Eve'}
2025-09-18 18:56:16 | INFO | Message received from author: Eve
2025-09-18 18:56:16 | INFO | Updated author counts: {'Eve': 5, 'Alice': 4, 'Charlie': 2, 'Diana': 4, 'Bob': 2}
2025-09-18 18:56:16 | INFO | Chart updated successfully for message: {"message": "I love Python!", "author": "Eve"}
2025-09-18 18:56:16 | INFO | Processed JSON message: {'message': 'Buzz messages for everyone.', 'author': 'Alice'}
2025-09-18 18:56:16 | INFO | Message received from author: Alice
2025-09-18 18:56:16 | INFO | Updated author counts: {'Eve': 5, 'Alice': 5, 'Charlie': 2, 'Diana': 4, 'Bob': 2}
2025-09-18 18:56:17 | INFO | Chart updated successfully for message: {"message": "Buzz messages for everyone.", "author": "Alice"}
2025-09-18 18:56:17 | INFO | Processed JSON message: {'message': 'This is a buzz message.', 'author': 'Alice'}
2025-09-18 18:56:17 | INFO | Message received from author: Alice
2025-09-18 18:56:17 | INFO | Updated author counts: {'Eve': 5, 'Alice': 6, 'Charlie': 2, 'Diana': 4, 'Bob': 2}
2025-09-18 18:56:17 | INFO | Chart updated successfully for message: {"message": "This is a buzz message.", "author": "Alice"}
2025-09-18 18:56:17 | INFO | Processed JSON message: {'message': 'Data engineering is my passion.', 'author': 'Diana'}
2025-09-18 18:56:17 | INFO | Message received from author: Diana
2025-09-18 18:56:17 | INFO | Updated author counts: {'Eve': 5, 'Alice': 6, 'Charlie': 2, 'Diana': 5, 'Bob': 2}
2025-09-18 18:56:17 | INFO | Chart updated successfully for message: {"message": "Data engineering is my passion.", "author": "Diana"}
2025-09-18 18:56:17 | INFO | Processed JSON message: {'message': 'I love Python!', 'author': 'Eve'}
2025-09-18 18:56:17 | INFO | Message received from author: Eve
2025-09-18 18:56:17 | INFO | Updated author counts: {'Eve': 6, 'Alice': 6, 'Charlie': 2, 'Diana': 5, 'Bob': 2}
2025-09-18 18:56:17 | INFO | Chart updated successfully for message: {"message": "I love Python!", "author": "Eve"}
2025-09-18 18:56:17 | INFO | Processed JSON message: {'message': 'JSON makes life easier.', 'author': 'Charlie'}
2025-09-18 18:56:17 | INFO | Message received from author: Charlie
2025-09-18 18:56:17 | INFO | Updated author counts: {'Eve': 6, 'Alice': 6, 'Charlie': 3, 'Diana': 5, 'Bob': 2}
2025-09-18 18:56:17 | INFO | Chart updated successfully for message: {"message": "JSON makes life easier.", "author": "Charlie"}
2025-09-18 18:56:17 | INFO | Processed JSON message: {'message': 'Have a great day!', 'author': 'Bob'}
2025-09-18 18:56:17 | INFO | Message received from author: Bob
2025-09-18 18:56:17 | INFO | Updated author counts: {'Eve': 6, 'Alice': 6, 'Charlie': 3, 'Diana': 5, 'Bob': 3}
2025-09-18 18:56:18 | INFO | Chart updated successfully for message: {"message": "Have a great day!", "author": "Bob"}
2025-09-18 18:56:18 | INFO | Sent message to topic 'buzzline_json': {'message': 'Data engineering is my passion.', 'author': 'Alice'}
2025-09-18 18:56:18 | INFO | Processed JSON message: {'message': 'Data engineering is my passion.', 'author': 'Alice'}
2025-09-18 18:56:18 | INFO | Message received from author: Alice
2025-09-18 18:56:18 | INFO | Updated author counts: {'Eve': 6, 'Alice': 7, 'Charlie': 3, 'Diana': 5, 'Bob': 3}
2025-09-18 18:56:18 | INFO | Chart updated successfully for message: {"message": "Data engineering is my passion.", "author": "Alice"}
2025-09-18 18:56:21 | INFO | Sent message to topic 'buzzline_json': {'message': 'Kafka is awesome.', 'author': 'Diana'}
2025-09-18 18:56:21 | INFO | Processed JSON message: {'message': 'Kafka is awesome.', 'author': 'Diana'}
2025-09-18 18:56:21 | INFO | Message received from author: Diana
2025-09-18 18:56:21 | INFO | Updated author counts: {'Eve': 6, 'Alice': 7, 'Charlie': 3, 'Diana': 6, 'Bob': 3}
2025-09-18 18:56:21 | INFO | Chart updated successfully for message: {"message": "Kafka is awesome.", "author": "Diana"}
2025-09-18 18:56:24 | INFO | Sent message to topic 'buzzline_json': {'message': 'Kafka is awesome.', 'author': 'Diana'}
2025-09-18 18:56:24 | INFO | Processed JSON message: {'message': 'Kafka is awesome.', 'author': 'Diana'}
2025-09-18 18:56:24 | INFO | Message received from author: Diana
2025-09-18 18:56:24 | INFO | Updated author counts: {'Eve': 6, 'Alice': 7, 'Charlie': 3, 'Diana': 7, 'Bob': 3}
2025-09-18 18:56:24 | INFO | Chart updated successfully for message: {"message": "Kafka is awesome.", "author": "Diana"}
2025-09-18 18:56:27 | INFO | Sent message to topic 'buzzline_json': {'message': 'Hello, Kafka world!', 'author': 'Bob'}
2025-09-18 18:56:27 | INFO | Processed JSON message: {'message': 'Hello, Kafka world!', 'author': 'Bob'}
2025-09-18 18:56:27 | INFO | Message received from author: Bob
2025-09-18 18:56:27 | INFO | Updated author counts: {'Eve': 6, 'Alice': 7, 'Charlie': 3, 'Diana': 7, 'Bob': 4}
2025-09-18 18:56:29 | INFO | Chart updated successfully for message: {"message": "Hello, Kafka world!", "author": "Bob"}
2025-09-18 18:56:30 | INFO | Sent message to topic 'buzzline_json': {'message': 'Distributed systems are fascinating.', 'author': 'Diana'}
2025-09-18 18:56:30 | INFO | Processed JSON message: {'message': 'Distributed systems are fascinating.', 'author': 'Diana'}
2025-09-18 18:56:30 | INFO | Message received from author: Diana
2025-09-18 18:56:30 | INFO | Updated author counts: {'Eve': 6, 'Alice': 7, 'Charlie': 3, 'Diana': 8, 'Bob': 4}
2025-09-18 18:56:30 | INFO | Chart updated successfully for message: {"message": "Distributed systems are fascinating.", "author": "Diana"}
2025-09-18 18:56:33 | INFO | Sent message to topic 'buzzline_json': {'message': 'I love Python!', 'author': 'Diana'}
2025-09-18 18:56:33 | INFO | Processed JSON message: {'message': 'I love Python!', 'author': 'Diana'}
2025-09-18 18:56:33 | INFO | Message received from author: Diana
2025-09-18 18:56:33 | INFO | Updated author counts: {'Eve': 6, 'Alice': 7, 'Charlie': 3, 'Diana': 9, 'Bob': 4}
2025-09-18 18:56:33 | INFO | Chart updated successfully for message: {"message": "I love Python!", "author": "Diana"}
2025-09-18 18:56:36 | INFO | Sent message to topic 'buzzline_json': {'message': 'Have a great day!', 'author': 'Alice'}
2025-09-18 18:56:36 | INFO | Processed JSON message: {'message': 'Have a great day!', 'author': 'Alice'}
2025-09-18 18:56:36 | INFO | Message received from author: Alice
2025-09-18 18:56:36 | INFO | Updated author counts: {'Eve': 6, 'Alice': 8, 'Charlie': 3, 'Diana': 9, 'Bob': 4}
2025-09-18 18:56:36 | INFO | Chart updated successfully for message: {"message": "Have a great day!", "author": "Alice"}
2025-09-18 18:56:39 | INFO | Sent message to topic 'buzzline_json': {'message': 'Hello, Kafka world!', 'author': 'Charlie'}
2025-09-18 18:56:39 | INFO | Processed JSON message: {'message': 'Hello, Kafka world!', 'author': 'Charlie'}
2025-09-18 18:56:39 | INFO | Message received from author: Charlie
2025-09-18 18:56:39 | INFO | Updated author counts: {'Eve': 6, 'Alice': 8, 'Charlie': 4, 'Diana': 9, 'Bob': 4}
2025-09-18 18:56:39 | INFO | Chart updated successfully for message: {"message": "Hello, Kafka world!", "author": "Charlie"}
2025-09-18 18:56:42 | INFO | Sent message to topic 'buzzline_json': {'message': 'JSON makes life easier.', 'author': 'Diana'}
2025-09-18 18:56:42 | INFO | Processed JSON message: {'message': 'JSON makes life easier.', 'author': 'Diana'}
2025-09-18 18:56:42 | INFO | Message received from author: Diana
2025-09-18 18:56:42 | INFO | Updated author counts: {'Eve': 6, 'Alice': 8, 'Charlie': 4, 'Diana': 10, 'Bob': 4}
2025-09-18 18:56:42 | INFO | Chart updated successfully for message: {"message": "JSON makes life easier.", "author": "Diana"}
2025-09-18 18:56:45 | INFO | Sent message to topic 'buzzline_json': {'message': 'I love Python!', 'author': 'Bob'}
2025-09-18 18:56:45 | INFO | Processed JSON message: {'message': 'I love Python!', 'author': 'Bob'}
2025-09-18 18:56:45 | INFO | Message received from author: Bob
2025-09-18 18:56:45 | INFO | Updated author counts: {'Eve': 6, 'Alice': 8, 'Charlie': 4, 'Diana': 10, 'Bob': 5}
2025-09-18 18:56:46 | INFO | Chart updated successfully for message: {"message": "I love Python!", "author": "Bob"}
2025-09-18 18:56:48 | INFO | Sent message to topic 'buzzline_json': {'message': 'Have a great day!', 'author': 'Diana'}
2025-09-18 18:56:48 | INFO | Processed JSON message: {'message': 'Have a great day!', 'author': 'Diana'}
2025-09-18 18:56:48 | INFO | Message received from author: Diana
2025-09-18 18:56:48 | INFO | Updated author counts: {'Eve': 6, 'Alice': 8, 'Charlie': 4, 'Diana': 11, 'Bob': 5}
2025-09-18 18:56:48 | INFO | Chart updated successfully for message: {"message": "Have a great day!", "author": "Diana"}
2025-09-18 18:56:50 | WARNING | Consumer interrupted by user.
2025-09-18 18:56:50 | INFO | Kafka consumer for topic 'buzzline_json' closed.
2025-09-18 18:56:50 | INFO | END consumer for topic 'buzzline_json' and group 'buzz_group'.
2025-09-18 18:56:51 | INFO | Sent message to topic 'buzzline_json': {'message': 'Hello, Kafka world!', 'author': 'Alice'}
2025-09-18 18:56:53 | WARNING | Producer interrupted by user.
2025-09-18 18:56:53 | INFO | Kafka producer closed.
2025-09-18 18:56:53 | INFO | END producer.
2025-09-18 18:57:42 | INFO | Logging to file: logs/project_log.log
2025-09-18 18:57:42 | INFO | Log sanitization enabled, personal info removed
2025-09-18 18:57:42 | INFO | Project root: C:/Users/USER/Documents/44671/buzzline-04-dowdle
2025-09-18 18:57:42 | INFO | Data folder: C:/Users/USER/Documents/44671/buzzline-04-dowdle/data
2025-09-18 18:57:42 | INFO | Data file: C:/Users/USER/Documents/44671/buzzline-04-dowdle/data/smoker_temps.csv
2025-09-18 18:57:42 | INFO | START producer.
2025-09-18 18:57:42 | INFO | Kafka broker address: localhost:9092
2025-09-18 18:57:43 | INFO | Kafka is ready. Brokers: {'throttle_time_ms': 0, 'brokers': [{'node_id': 1, 'host': 'localhost', 'port': 9092, 'rack': None}], 'cluster_id': 'N6hvXfg2QL-uPxvF0foOZQ', 'controller_id': 1}
2025-09-18 18:57:43 | INFO | Kafka topic: smoker_csv
2025-09-18 18:57:43 | INFO | Message interval: 5 seconds
2025-09-18 18:57:43 | INFO | Kafka broker address: localhost:9092
2025-09-18 18:57:43 | INFO | Connecting to Kafka broker at localhost:9092...
2025-09-18 18:57:43 | INFO | Kafka producer successfully created.
2025-09-18 18:57:43 | INFO | Kafka broker address: localhost:9092
2025-09-18 18:57:44 | INFO | Topic 'smoker_csv' already exists. Recreating fresh...
2025-09-18 18:57:44 | INFO | Requested deletion of topic 'smoker_csv'.
2025-09-18 18:57:44 | INFO | Topic 'smoker_csv' created successfully.
2025-09-18 18:57:44 | INFO | Kafka topic 'smoker_csv' is ready.
2025-09-18 18:57:44 | INFO | Starting message production to topic 'smoker_csv'...
2025-09-18 18:57:44 | INFO | Opening data file in read mode: C:/Users/USER/Documents/44671/buzzline-04-dowdle/data/smoker_temps.csv
2025-09-18 18:57:44 | INFO | Reading data from file: C:/Users/USER/Documents/44671/buzzline-04-dowdle/data/smoker_temps.csv
2025-09-18 18:57:44 | INFO | Sent message to topic 'smoker_csv': {'timestamp': '2025-09-18T23:57:44.444087', 'temperature': 70.4}
2025-09-18 18:57:49 | INFO | Sent message to topic 'smoker_csv': {'timestamp': '2025-09-18T23:57:49.457194', 'temperature': 70.8}
2025-09-18 18:57:54 | INFO | Sent message to topic 'smoker_csv': {'timestamp': '2025-09-18T23:57:54.460038', 'temperature': 71.2}
2025-09-18 18:57:59 | INFO | Logging to file: logs/project_log.log
2025-09-18 18:57:59 | INFO | Log sanitization enabled, personal info removed
2025-09-18 18:57:59 | INFO | Sent message to topic 'smoker_csv': {'timestamp': '2025-09-18T23:57:59.468019', 'temperature': 71.6}
2025-09-18 18:58:00 | INFO | START consumer.
2025-09-18 18:58:00 | INFO | Kafka topic: smoker_csv
2025-09-18 18:58:00 | INFO | Kafka consumer group id: smoker_group
2025-09-18 18:58:00 | INFO | Rolling window size: 10
2025-09-18 18:58:00 | INFO | Consumer: Topic 'smoker_csv' and group 'smoker_group'...
2025-09-18 18:58:00 | INFO | Rolling window size: 10
2025-09-18 18:58:00 | INFO | Kafka broker address: localhost:9092
2025-09-18 18:58:00 | INFO | Creating Kafka consumer. Topic='smoker_csv' and group ID='smoker_group'.
2025-09-18 18:58:00 | INFO | Kafka consumer created successfully.
