2025-09-16 20:19:24 | INFO | Logging to file: logs/project_log.log
2025-09-16 20:19:24 | INFO | Log sanitization enabled, personal info removed
2025-09-16 20:19:24 | INFO | Project root: C:/Users/USER/Documents/44671/buzzline-04-dowdle
2025-09-16 20:19:24 | INFO | Data folder: C:/Users/USER/Documents/44671/buzzline-04-dowdle/data
2025-09-16 20:19:24 | INFO | Data file: C:/Users/USER/Documents/44671/buzzline-04-dowdle/data/buzz_live.json
2025-09-16 20:19:24 | INFO | START producer...
2025-09-16 20:19:24 | INFO | Hit CTRL c (or CMD c) to close.
2025-09-16 20:19:24 | INFO | Message interval: 3 seconds
2025-09-16 20:19:24 | INFO | {'message': 'I just saw a trick! It was weird.', 'author': 'Charlie'}
2025-09-16 20:19:27 | INFO | {'message': 'I just found a trick! It was weird.', 'author': 'Alice'}
2025-09-16 20:19:30 | INFO | {'message': 'I just tried a meme! It was boring.', 'author': 'Alice'}
2025-09-16 20:19:33 | INFO | {'message': 'I just loved a story! It was amazing.', 'author': 'Eve'}
2025-09-16 20:19:36 | INFO | {'message': 'I just shared a trick! It was weird.', 'author': 'Charlie'}
2025-09-16 20:19:39 | INFO | {'message': 'I just loved a movie! It was boring.', 'author': 'Eve'}
2025-09-16 20:19:42 | INFO | {'message': 'I just loved a meme! It was weird.', 'author': 'Charlie'}
2025-09-16 20:19:45 | INFO | {'message': 'I just loved a story! It was weird.', 'author': 'Eve'}
2025-09-16 20:19:48 | INFO | {'message': 'I just shared a meme! It was weird.', 'author': 'Bob'}
2025-09-16 20:19:51 | INFO | {'message': 'I just found an app! It was funny.', 'author': 'Alice'}
2025-09-16 20:19:54 | INFO | {'message': 'I just tried a trick! It was boring.', 'author': 'Alice'}
2025-09-16 20:19:57 | INFO | {'message': 'I just tried a meme! It was funny.', 'author': 'Charlie'}
2025-09-16 20:20:00 | INFO | Logging to file: logs/project_log.log
2025-09-16 20:20:00 | INFO | Log sanitization enabled, personal info removed
2025-09-16 20:20:00 | INFO | Project root: C:/Users/USER/Documents/44671/buzzline-04-dowdle
2025-09-16 20:20:00 | INFO | Data folder: C:/Users/USER/Documents/44671/buzzline-04-dowdle/data
2025-09-16 20:20:00 | INFO | Data file: C:/Users/USER/Documents/44671/buzzline-04-dowdle/data/buzz_live.json
2025-09-16 20:20:00 | INFO | {'message': 'I just found a trick! It was boring.', 'author': 'Alice'}
2025-09-16 20:20:02 | INFO | START consumer.
2025-09-16 20:20:03 | INFO | {'message': 'I just saw a movie! It was funny.', 'author': 'Bob'}
2025-09-16 20:20:03 | INFO | Processed JSON message: {'message': 'I just saw a movie! It was funny.', 'author': 'Bob'}
2025-09-16 20:20:03 | INFO | Message received from author: Bob
2025-09-16 20:20:03 | INFO | Updated author counts: {'Bob': 1}
2025-09-16 20:20:04 | INFO | Chart updated successfully for message: {"message": "I just saw a movie! It was funny.", "author": "Bob"}

2025-09-16 20:20:06 | INFO | {'message': 'I just tried a trick! It was funny.', 'author': 'Charlie'}
2025-09-16 20:20:06 | INFO | Processed JSON message: {'message': 'I just tried a trick! It was funny.', 'author': 'Charlie'}
2025-09-16 20:20:06 | INFO | Message received from author: Charlie
2025-09-16 20:20:06 | INFO | Updated author counts: {'Bob': 1, 'Charlie': 1}
2025-09-16 20:20:07 | INFO | Chart updated successfully for message: {"message": "I just tried a trick! It was funny.", "author": "Charlie"}

2025-09-16 20:20:09 | INFO | {'message': 'I just shared a meme! It was exciting.', 'author': 'Bob'}
2025-09-16 20:20:10 | INFO | Processed JSON message: {'message': 'I just shared a meme! It was exciting.', 'author': 'Bob'}
2025-09-16 20:20:10 | INFO | Message received from author: Bob
2025-09-16 20:20:10 | INFO | Updated author counts: {'Bob': 2, 'Charlie': 1}
2025-09-16 20:20:10 | INFO | Chart updated successfully for message: {"message": "I just shared a meme! It was exciting.", "author": "Bob"}

2025-09-16 20:20:12 | INFO | {'message': 'I just shared a meme! It was amazing.', 'author': 'Alice'}
2025-09-16 20:20:12 | INFO | Processed JSON message: {'message': 'I just shared a meme! It was amazing.', 'author': 'Alice'}
2025-09-16 20:20:12 | INFO | Message received from author: Alice
2025-09-16 20:20:12 | INFO | Updated author counts: {'Bob': 2, 'Charlie': 1, 'Alice': 1}
2025-09-16 20:20:12 | INFO | Chart updated successfully for message: {"message": "I just shared a meme! It was amazing.", "author": "Alice"}

2025-09-16 20:20:15 | INFO | {'message': 'I just shared an app! It was exciting.', 'author': 'Alice'}
2025-09-16 20:20:15 | INFO | Processed JSON message: {'message': 'I just shared an app! It was exciting.', 'author': 'Alice'}
2025-09-16 20:20:15 | INFO | Message received from author: Alice
2025-09-16 20:20:15 | INFO | Updated author counts: {'Bob': 2, 'Charlie': 1, 'Alice': 2}
2025-09-16 20:20:16 | INFO | Chart updated successfully for message: {"message": "I just shared an app! It was exciting.", "author": "Alice"}

2025-09-16 20:20:18 | INFO | {'message': 'I just loved an app! It was weird.', 'author': 'Bob'}
2025-09-16 20:20:19 | INFO | Processed JSON message: {'message': 'I just loved an app! It was weird.', 'author': 'Bob'}
2025-09-16 20:20:19 | INFO | Message received from author: Bob
2025-09-16 20:20:19 | INFO | Updated author counts: {'Bob': 3, 'Charlie': 1, 'Alice': 2}
2025-09-16 20:20:19 | INFO | Chart updated successfully for message: {"message": "I just loved an app! It was weird.", "author": "Bob"}

2025-09-16 20:20:21 | INFO | {'message': 'I just found a meme! It was weird.', 'author': 'Eve'}
2025-09-16 20:20:21 | INFO | Processed JSON message: {'message': 'I just found a meme! It was weird.', 'author': 'Eve'}
2025-09-16 20:20:21 | INFO | Message received from author: Eve
2025-09-16 20:20:21 | INFO | Updated author counts: {'Bob': 3, 'Charlie': 1, 'Alice': 2, 'Eve': 1}
2025-09-16 20:20:21 | INFO | Chart updated successfully for message: {"message": "I just found a meme! It was weird.", "author": "Eve"}

2025-09-16 20:20:24 | INFO | {'message': 'I just tried an app! It was amazing.', 'author': 'Eve'}
2025-09-16 20:20:24 | INFO | Processed JSON message: {'message': 'I just tried an app! It was amazing.', 'author': 'Eve'}
2025-09-16 20:20:24 | INFO | Message received from author: Eve
2025-09-16 20:20:24 | INFO | Updated author counts: {'Bob': 3, 'Charlie': 1, 'Alice': 2, 'Eve': 2}
2025-09-16 20:20:25 | INFO | Chart updated successfully for message: {"message": "I just tried an app! It was amazing.", "author": "Eve"}

2025-09-16 20:20:27 | INFO | {'message': 'I just loved an app! It was boring.', 'author': 'Eve'}
2025-09-16 20:20:27 | INFO | Processed JSON message: {'message': 'I just loved an app! It was boring.', 'author': 'Eve'}
2025-09-16 20:20:27 | INFO | Message received from author: Eve
2025-09-16 20:20:27 | INFO | Updated author counts: {'Bob': 3, 'Charlie': 1, 'Alice': 2, 'Eve': 3}
2025-09-16 20:20:27 | INFO | Chart updated successfully for message: {"message": "I just loved an app! It was boring.", "author": "Eve"}

2025-09-16 20:20:30 | INFO | {'message': 'I just saw a story! It was amazing.', 'author': 'Charlie'}
2025-09-16 20:20:30 | INFO | Processed JSON message: {'message': 'I just saw a story! It was amazing.', 'author': 'Charlie'}
2025-09-16 20:20:30 | INFO | Message received from author: Charlie
2025-09-16 20:20:30 | INFO | Updated author counts: {'Bob': 3, 'Charlie': 2, 'Alice': 2, 'Eve': 3}
2025-09-16 20:20:31 | INFO | Chart updated successfully for message: {"message": "I just saw a story! It was amazing.", "author": "Charlie"}

2025-09-16 20:20:33 | INFO | {'message': 'I just loved an app! It was exciting.', 'author': 'Charlie'}
2025-09-16 20:20:34 | INFO | Processed JSON message: {'message': 'I just loved an app! It was exciting.', 'author': 'Charlie'}
2025-09-16 20:20:34 | INFO | Message received from author: Charlie
2025-09-16 20:20:34 | INFO | Updated author counts: {'Bob': 3, 'Charlie': 3, 'Alice': 2, 'Eve': 3}
2025-09-16 20:20:34 | INFO | Chart updated successfully for message: {"message": "I just loved an app! It was exciting.", "author": "Charlie"}

2025-09-16 20:20:36 | INFO | {'message': 'I just loved a movie! It was amazing.', 'author': 'Charlie'}
2025-09-16 20:20:36 | INFO | Processed JSON message: {'message': 'I just loved a movie! It was amazing.', 'author': 'Charlie'}
2025-09-16 20:20:36 | INFO | Message received from author: Charlie
2025-09-16 20:20:36 | INFO | Updated author counts: {'Bob': 3, 'Charlie': 4, 'Alice': 2, 'Eve': 3}
2025-09-16 20:20:36 | INFO | Chart updated successfully for message: {"message": "I just loved a movie! It was amazing.", "author": "Charlie"}

2025-09-16 20:20:39 | INFO | {'message': 'I just loved a story! It was amazing.', 'author': 'Charlie'}
2025-09-16 20:20:39 | INFO | Processed JSON message: {'message': 'I just loved a story! It was amazing.', 'author': 'Charlie'}
2025-09-16 20:20:39 | INFO | Message received from author: Charlie
2025-09-16 20:20:39 | INFO | Updated author counts: {'Bob': 3, 'Charlie': 5, 'Alice': 2, 'Eve': 3}
2025-09-16 20:20:40 | INFO | Chart updated successfully for message: {"message": "I just loved a story! It was amazing.", "author": "Charlie"}

2025-09-16 20:20:42 | INFO | {'message': 'I just found a meme! It was amazing.', 'author': 'Charlie'}
2025-09-16 20:20:43 | INFO | Processed JSON message: {'message': 'I just found a meme! It was amazing.', 'author': 'Charlie'}
2025-09-16 20:20:43 | INFO | Message received from author: Charlie
2025-09-16 20:20:43 | INFO | Updated author counts: {'Bob': 3, 'Charlie': 6, 'Alice': 2, 'Eve': 3}
2025-09-16 20:20:43 | INFO | Consumer interrupted by user.
2025-09-16 20:20:45 | INFO | {'message': 'I just shared a trick! It was funny.', 'author': 'Charlie'}
2025-09-16 20:20:48 | INFO | {'message': 'I just shared a trick! It was weird.', 'author': 'Bob'}
2025-09-16 20:20:48 | INFO | Consumer closed.
2025-09-16 20:20:51 | INFO | {'message': 'I just saw a movie! It was weird.', 'author': 'Bob'}
2025-09-16 20:20:54 | WARNING | Producer interrupted by user.
2025-09-16 20:20:54 | INFO | Producer shutting down.
2025-09-16 20:46:02 | INFO | Logging to file: logs/project_log.log
2025-09-16 20:46:02 | INFO | Log sanitization enabled, personal info removed
2025-09-16 20:46:02 | INFO | Project root: C:/Users/USER/Documents/44671/buzzline-04-dowdle
2025-09-16 20:46:02 | INFO | Data folder: C:/Users/USER/Documents/44671/buzzline-04-dowdle/data
2025-09-16 20:46:02 | INFO | Data file: C:/Users/USER/Documents/44671/buzzline-04-dowdle/data/buzz_live.json
2025-09-16 20:46:02 | INFO | START producer...
2025-09-16 20:46:02 | INFO | Hit CTRL c (or CMD c) to close.
2025-09-16 20:46:02 | INFO | Message interval: 3 seconds
2025-09-16 20:46:02 | INFO | {'message': 'I just shared a trick! It was exciting.', 'author': 'Alice'}
2025-09-16 20:46:05 | INFO | {'message': 'I just saw an app! It was weird.', 'author': 'Charlie'}
2025-09-16 20:46:08 | INFO | {'message': 'I just shared a trick! It was amazing.', 'author': 'Alice'}
2025-09-16 20:46:11 | INFO | {'message': 'I just loved a movie! It was weird.', 'author': 'Eve'}
2025-09-16 20:46:14 | INFO | {'message': 'I just tried a story! It was exciting.', 'author': 'Charlie'}
2025-09-16 20:46:17 | INFO | {'message': 'I just found a trick! It was amazing.', 'author': 'Bob'}
2025-09-16 20:46:20 | INFO | {'message': 'I just tried a movie! It was weird.', 'author': 'Eve'}
2025-09-16 20:46:21 | INFO | Logging to file: logs/project_log.log
2025-09-16 20:46:21 | INFO | Log sanitization enabled, personal info removed
2025-09-16 20:46:21 | INFO | Project root: C:/Users/USER/Documents/44671/buzzline-04-dowdle
2025-09-16 20:46:21 | INFO | Data folder: C:/Users/USER/Documents/44671/buzzline-04-dowdle/data
2025-09-16 20:46:21 | INFO | Data file: C:/Users/USER/Documents/44671/buzzline-04-dowdle/data/buzz_live.json
2025-09-16 20:46:21 | INFO | START consumer.
2025-09-16 20:46:23 | INFO | {'message': 'I just loved an app! It was weird.', 'author': 'Bob'}
2025-09-16 20:46:23 | INFO | Processed JSON message: {'message': 'I just loved an app! It was weird.', 'author': 'Bob'}
2025-09-16 20:46:23 | INFO | Message received from author: Bob
2025-09-16 20:46:23 | INFO | Updated author counts: {'Bob': 1}
2025-09-16 20:46:23 | INFO | Chart updated successfully for message: {"message": "I just loved an app! It was weird.", "author": "Bob"}

2025-09-16 20:46:26 | INFO | {'message': 'I just found a trick! It was amazing.', 'author': 'Charlie'}
2025-09-16 20:46:26 | INFO | Processed JSON message: {'message': 'I just found a trick! It was amazing.', 'author': 'Charlie'}
2025-09-16 20:46:26 | INFO | Message received from author: Charlie
2025-09-16 20:46:26 | INFO | Updated author counts: {'Bob': 1, 'Charlie': 1}
2025-09-16 20:46:27 | INFO | Chart updated successfully for message: {"message": "I just found a trick! It was amazing.", "author": "Charlie"}

2025-09-16 20:46:29 | INFO | {'message': 'I just loved an app! It was funny.', 'author': 'Bob'}
2025-09-16 20:46:29 | INFO | Processed JSON message: {'message': 'I just loved an app! It was funny.', 'author': 'Bob'}
2025-09-16 20:46:29 | INFO | Message received from author: Bob
2025-09-16 20:46:29 | INFO | Updated author counts: {'Bob': 2, 'Charlie': 1}
2025-09-16 20:46:29 | INFO | Chart updated successfully for message: {"message": "I just loved an app! It was funny.", "author": "Bob"}

2025-09-16 20:46:32 | INFO | {'message': 'I just saw an app! It was weird.', 'author': 'Bob'}
2025-09-16 20:46:32 | INFO | Processed JSON message: {'message': 'I just saw an app! It was weird.', 'author': 'Bob'}
2025-09-16 20:46:32 | INFO | Message received from author: Bob
2025-09-16 20:46:32 | INFO | Updated author counts: {'Bob': 3, 'Charlie': 1}
2025-09-16 20:46:32 | INFO | Chart updated successfully for message: {"message": "I just saw an app! It was weird.", "author": "Bob"}

2025-09-16 20:46:35 | INFO | {'message': 'I just loved a meme! It was funny.', 'author': 'Eve'}
2025-09-16 20:46:35 | INFO | Consumer interrupted by user.
2025-09-16 20:46:38 | INFO | {'message': 'I just shared a story! It was funny.', 'author': 'Eve'}
2025-09-16 20:46:41 | WARNING | Producer interrupted by user.
2025-09-16 20:46:41 | INFO | Producer shutting down.
2025-09-16 20:46:44 | INFO | Consumer closed.
2025-09-16 20:50:28 | INFO | Logging to file: logs/project_log.log
2025-09-16 20:50:28 | INFO | Log sanitization enabled, personal info removed
2025-09-16 20:50:28 | INFO | Project root: C:/Users/USER/Documents/44671/buzzline-04-dowdle
2025-09-16 20:50:28 | INFO | Data folder: C:/Users/USER/Documents/44671/buzzline-04-dowdle/data
2025-09-16 20:50:28 | INFO | Data file: C:/Users/USER/Documents/44671/buzzline-04-dowdle/data/buzz.json
2025-09-16 20:50:28 | INFO | START producer.
2025-09-16 20:50:28 | INFO | Kafka broker address: localhost:9092
2025-09-16 20:50:29 | INFO | Kafka is ready. Brokers: {'throttle_time_ms': 0, 'brokers': [{'node_id': 1, 'host': 'localhost', 'port': 9092, 'rack': None}], 'cluster_id': 'N6hvXfg2QL-uPxvF0foOZQ', 'controller_id': 1}
2025-09-16 20:50:29 | INFO | Kafka topic: buzzline_json
2025-09-16 20:50:29 | INFO | Message interval: 3 seconds
2025-09-16 20:50:29 | INFO | Kafka broker address: localhost:9092
2025-09-16 20:50:29 | INFO | Connecting to Kafka broker at localhost:9092...
2025-09-16 20:50:29 | INFO | Kafka producer successfully created.
2025-09-16 20:50:29 | INFO | Kafka broker address: localhost:9092
2025-09-16 20:50:30 | INFO | Topic 'buzzline_json' already exists. Recreating fresh...
2025-09-16 20:50:30 | INFO | Requested deletion of topic 'buzzline_json'.
2025-09-16 20:50:30 | INFO | Topic 'buzzline_json' created successfully.
2025-09-16 20:50:30 | INFO | Kafka topic 'buzzline_json' is ready.
2025-09-16 20:50:30 | INFO | Starting message production to topic 'buzzline_json'...
2025-09-16 20:50:30 | INFO | Opening data file in read mode: C:/Users/USER/Documents/44671/buzzline-04-dowdle/data/buzz.json
2025-09-16 20:50:30 | INFO | Reading data from file: C:/Users/USER/Documents/44671/buzzline-04-dowdle/data/buzz.json
2025-09-16 20:50:30 | INFO | Sent message to topic 'buzzline_json': {'message': 'Data engineering is my passion.', 'author': 'Eve'}
2025-09-16 20:50:33 | INFO | Sent message to topic 'buzzline_json': {'message': 'Distributed systems are fascinating.', 'author': 'Alice'}
2025-09-16 20:50:36 | INFO | Sent message to topic 'buzzline_json': {'message': 'Have a great day!', 'author': 'Charlie'}
2025-09-16 20:50:39 | INFO | Sent message to topic 'buzzline_json': {'message': 'Data engineering is my passion.', 'author': 'Alice'}
2025-09-16 20:50:42 | INFO | Sent message to topic 'buzzline_json': {'message': 'Distributed systems are fascinating.', 'author': 'Diana'}
2025-09-16 20:50:45 | INFO | Sent message to topic 'buzzline_json': {'message': 'Buzz messages for everyone.', 'author': 'Alice'}
2025-09-16 20:50:48 | INFO | Sent message to topic 'buzzline_json': {'message': 'Hello, Kafka world!', 'author': 'Diana'}
2025-09-16 20:50:51 | INFO | Sent message to topic 'buzzline_json': {'message': 'This is a buzz message.', 'author': 'Eve'}
2025-09-16 20:50:54 | INFO | Sent message to topic 'buzzline_json': {'message': 'JSON makes life easier.', 'author': 'Eve'}
2025-09-16 20:50:57 | INFO | Sent message to topic 'buzzline_json': {'message': 'JSON makes life easier.', 'author': 'Alice'}
2025-09-16 20:51:00 | INFO | Sent message to topic 'buzzline_json': {'message': 'Data engineering is my passion.', 'author': 'Diana'}
2025-09-16 20:51:03 | INFO | Sent message to topic 'buzzline_json': {'message': 'JSON makes life easier.', 'author': 'Diana'}
2025-09-16 20:51:04 | INFO | Logging to file: logs/project_log.log
2025-09-16 20:51:04 | INFO | Log sanitization enabled, personal info removed
2025-09-16 20:51:05 | INFO | START consumer.
2025-09-16 20:51:05 | INFO | Kafka topic: buzzline_json
2025-09-16 20:51:05 | INFO | Kafka consumer group id: buzz_group
2025-09-16 20:51:05 | INFO | Consumer: Topic 'buzzline_json' and group 'buzz_group'...
2025-09-16 20:51:05 | INFO | Kafka broker address: localhost:9092
2025-09-16 20:51:05 | INFO | Creating Kafka consumer. Topic='buzzline_json' and group ID='buzz_group'.
2025-09-16 20:51:05 | INFO | Kafka consumer created successfully.
2025-09-16 20:51:05 | INFO | Polling messages from topic 'buzzline_json'...
2025-09-16 20:51:05 | ERROR | Error while consuming messages: Invalid file descriptor: -1
2025-09-16 20:51:06 | INFO | Sent message to topic 'buzzline_json': {'message': 'Kafka is awesome.', 'author': 'Charlie'}
2025-09-16 20:51:08 | INFO | Kafka consumer for topic 'buzzline_json' closed.
2025-09-16 20:51:08 | INFO | END consumer for topic 'buzzline_json' and group 'buzz_group'.
2025-09-16 20:51:09 | INFO | Sent message to topic 'buzzline_json': {'message': 'JSON makes life easier.', 'author': 'Bob'}
2025-09-16 20:51:12 | INFO | Sent message to topic 'buzzline_json': {'message': 'I love Python!', 'author': 'Bob'}
2025-09-16 20:51:15 | INFO | Sent message to topic 'buzzline_json': {'message': 'This is a buzz message.', 'author': 'Eve'}
2025-09-16 20:51:18 | INFO | Sent message to topic 'buzzline_json': {'message': 'I love Python!', 'author': 'Eve'}
2025-09-16 20:51:21 | INFO | Sent message to topic 'buzzline_json': {'message': 'Buzz messages for everyone.', 'author': 'Alice'}
2025-09-16 20:51:24 | INFO | Sent message to topic 'buzzline_json': {'message': 'This is a buzz message.', 'author': 'Alice'}
2025-09-16 20:51:27 | INFO | Sent message to topic 'buzzline_json': {'message': 'Data engineering is my passion.', 'author': 'Diana'}
2025-09-16 20:51:30 | INFO | Sent message to topic 'buzzline_json': {'message': 'I love Python!', 'author': 'Eve'}
2025-09-16 20:51:33 | INFO | Sent message to topic 'buzzline_json': {'message': 'JSON makes life easier.', 'author': 'Charlie'}
2025-09-16 20:51:36 | INFO | Sent message to topic 'buzzline_json': {'message': 'Have a great day!', 'author': 'Bob'}
2025-09-16 20:51:39 | INFO | Sent message to topic 'buzzline_json': {'message': 'Data engineering is my passion.', 'author': 'Alice'}
2025-09-16 20:51:42 | INFO | Sent message to topic 'buzzline_json': {'message': 'Kafka is awesome.', 'author': 'Diana'}
2025-09-16 20:51:45 | INFO | Sent message to topic 'buzzline_json': {'message': 'Kafka is awesome.', 'author': 'Diana'}
2025-09-16 20:51:48 | INFO | Sent message to topic 'buzzline_json': {'message': 'Hello, Kafka world!', 'author': 'Bob'}
2025-09-16 20:51:51 | INFO | Sent message to topic 'buzzline_json': {'message': 'Distributed systems are fascinating.', 'author': 'Diana'}
2025-09-16 20:51:54 | INFO | Sent message to topic 'buzzline_json': {'message': 'I love Python!', 'author': 'Diana'}
2025-09-16 20:51:57 | INFO | Sent message to topic 'buzzline_json': {'message': 'Have a great day!', 'author': 'Alice'}
2025-09-16 20:51:59 | INFO | Logging to file: logs/project_log.log
2025-09-16 20:51:59 | INFO | Log sanitization enabled, personal info removed
2025-09-16 20:52:00 | INFO | START consumer.
2025-09-16 20:52:00 | INFO | Kafka topic: buzzline_json
2025-09-16 20:52:00 | INFO | Kafka consumer group id: buzz_group
2025-09-16 20:52:00 | INFO | Consumer: Topic 'buzzline_json' and group 'buzz_group'...
2025-09-16 20:52:00 | INFO | Kafka broker address: localhost:9092
2025-09-16 20:52:00 | INFO | Creating Kafka consumer. Topic='buzzline_json' and group ID='buzz_group'.
2025-09-16 20:52:00 | INFO | Kafka consumer created successfully.
2025-09-16 20:52:00 | INFO | Polling messages from topic 'buzzline_json'...
2025-09-16 20:52:00 | INFO | Sent message to topic 'buzzline_json': {'message': 'Hello, Kafka world!', 'author': 'Charlie'}
2025-09-16 20:52:03 | INFO | Sent message to topic 'buzzline_json': {'message': 'JSON makes life easier.', 'author': 'Diana'}
2025-09-16 20:52:04 | INFO | Processed JSON message: {'message': 'Distributed systems are fascinating.', 'author': 'Alice'}
2025-09-16 20:52:04 | INFO | Message received from author: Alice
2025-09-16 20:52:04 | INFO | Updated author counts: {'Alice': 1}
2025-09-16 20:52:04 | INFO | Chart updated successfully for message: {"message": "Distributed systems are fascinating.", "author": "Alice"}
2025-09-16 20:52:04 | INFO | Processed JSON message: {'message': 'Have a great day!', 'author': 'Charlie'}
2025-09-16 20:52:04 | INFO | Message received from author: Charlie
2025-09-16 20:52:04 | INFO | Updated author counts: {'Alice': 1, 'Charlie': 1}
2025-09-16 20:52:04 | INFO | Chart updated successfully for message: {"message": "Have a great day!", "author": "Charlie"}
2025-09-16 20:52:04 | INFO | Processed JSON message: {'message': 'Data engineering is my passion.', 'author': 'Alice'}
2025-09-16 20:52:04 | INFO | Message received from author: Alice
2025-09-16 20:52:04 | INFO | Updated author counts: {'Alice': 2, 'Charlie': 1}
2025-09-16 20:52:04 | INFO | Chart updated successfully for message: {"message": "Data engineering is my passion.", "author": "Alice"}
2025-09-16 20:52:04 | INFO | Processed JSON message: {'message': 'Distributed systems are fascinating.', 'author': 'Diana'}
2025-09-16 20:52:04 | INFO | Message received from author: Diana
2025-09-16 20:52:04 | INFO | Updated author counts: {'Alice': 2, 'Charlie': 1, 'Diana': 1}
2025-09-16 20:52:05 | INFO | Chart updated successfully for message: {"message": "Distributed systems are fascinating.", "author": "Diana"}
2025-09-16 20:52:05 | INFO | Processed JSON message: {'message': 'Buzz messages for everyone.', 'author': 'Alice'}
2025-09-16 20:52:05 | INFO | Message received from author: Alice
2025-09-16 20:52:05 | INFO | Updated author counts: {'Alice': 3, 'Charlie': 1, 'Diana': 1}
2025-09-16 20:52:05 | INFO | Chart updated successfully for message: {"message": "Buzz messages for everyone.", "author": "Alice"}
2025-09-16 20:52:05 | INFO | Processed JSON message: {'message': 'Hello, Kafka world!', 'author': 'Diana'}
2025-09-16 20:52:05 | INFO | Message received from author: Diana
2025-09-16 20:52:05 | INFO | Updated author counts: {'Alice': 3, 'Charlie': 1, 'Diana': 2}
2025-09-16 20:52:05 | INFO | Chart updated successfully for message: {"message": "Hello, Kafka world!", "author": "Diana"}
2025-09-16 20:52:05 | INFO | Processed JSON message: {'message': 'This is a buzz message.', 'author': 'Eve'}
2025-09-16 20:52:05 | INFO | Message received from author: Eve
2025-09-16 20:52:05 | INFO | Updated author counts: {'Alice': 3, 'Charlie': 1, 'Diana': 2, 'Eve': 1}
2025-09-16 20:52:05 | INFO | Chart updated successfully for message: {"message": "This is a buzz message.", "author": "Eve"}
2025-09-16 20:52:05 | INFO | Processed JSON message: {'message': 'JSON makes life easier.', 'author': 'Eve'}
2025-09-16 20:52:05 | INFO | Message received from author: Eve
2025-09-16 20:52:05 | INFO | Updated author counts: {'Alice': 3, 'Charlie': 1, 'Diana': 2, 'Eve': 2}
2025-09-16 20:52:05 | INFO | Chart updated successfully for message: {"message": "JSON makes life easier.", "author": "Eve"}
2025-09-16 20:52:05 | INFO | Processed JSON message: {'message': 'JSON makes life easier.', 'author': 'Alice'}
2025-09-16 20:52:05 | INFO | Message received from author: Alice
2025-09-16 20:52:05 | INFO | Updated author counts: {'Alice': 4, 'Charlie': 1, 'Diana': 2, 'Eve': 2}
2025-09-16 20:52:05 | INFO | Chart updated successfully for message: {"message": "JSON makes life easier.", "author": "Alice"}
2025-09-16 20:52:05 | INFO | Processed JSON message: {'message': 'Data engineering is my passion.', 'author': 'Diana'}
2025-09-16 20:52:05 | INFO | Message received from author: Diana
2025-09-16 20:52:05 | INFO | Updated author counts: {'Alice': 4, 'Charlie': 1, 'Diana': 3, 'Eve': 2}
2025-09-16 20:52:05 | INFO | Chart updated successfully for message: {"message": "Data engineering is my passion.", "author": "Diana"}
2025-09-16 20:52:05 | INFO | Processed JSON message: {'message': 'JSON makes life easier.', 'author': 'Diana'}
2025-09-16 20:52:05 | INFO | Message received from author: Diana
2025-09-16 20:52:05 | INFO | Updated author counts: {'Alice': 4, 'Charlie': 1, 'Diana': 4, 'Eve': 2}
2025-09-16 20:52:06 | INFO | Chart updated successfully for message: {"message": "JSON makes life easier.", "author": "Diana"}
2025-09-16 20:52:06 | INFO | Processed JSON message: {'message': 'Kafka is awesome.', 'author': 'Charlie'}
2025-09-16 20:52:06 | INFO | Message received from author: Charlie
2025-09-16 20:52:06 | INFO | Updated author counts: {'Alice': 4, 'Charlie': 2, 'Diana': 4, 'Eve': 2}
2025-09-16 20:52:06 | INFO | Chart updated successfully for message: {"message": "Kafka is awesome.", "author": "Charlie"}
2025-09-16 20:52:06 | INFO | Processed JSON message: {'message': 'JSON makes life easier.', 'author': 'Bob'}
2025-09-16 20:52:06 | INFO | Message received from author: Bob
2025-09-16 20:52:06 | INFO | Updated author counts: {'Alice': 4, 'Charlie': 2, 'Diana': 4, 'Eve': 2, 'Bob': 1}
2025-09-16 20:52:06 | INFO | Chart updated successfully for message: {"message": "JSON makes life easier.", "author": "Bob"}
2025-09-16 20:52:06 | INFO | Processed JSON message: {'message': 'I love Python!', 'author': 'Bob'}
2025-09-16 20:52:06 | INFO | Message received from author: Bob
2025-09-16 20:52:06 | INFO | Updated author counts: {'Alice': 4, 'Charlie': 2, 'Diana': 4, 'Eve': 2, 'Bob': 2}
2025-09-16 20:52:06 | INFO | Sent message to topic 'buzzline_json': {'message': 'I love Python!', 'author': 'Bob'}
2025-09-16 20:52:06 | INFO | Chart updated successfully for message: {"message": "I love Python!", "author": "Bob"}
2025-09-16 20:52:06 | INFO | Processed JSON message: {'message': 'This is a buzz message.', 'author': 'Eve'}
2025-09-16 20:52:06 | INFO | Message received from author: Eve
2025-09-16 20:52:06 | INFO | Updated author counts: {'Alice': 4, 'Charlie': 2, 'Diana': 4, 'Eve': 3, 'Bob': 2}
2025-09-16 20:52:06 | INFO | Chart updated successfully for message: {"message": "This is a buzz message.", "author": "Eve"}
2025-09-16 20:52:06 | INFO | Processed JSON message: {'message': 'I love Python!', 'author': 'Eve'}
2025-09-16 20:52:06 | INFO | Message received from author: Eve
2025-09-16 20:52:06 | INFO | Updated author counts: {'Alice': 4, 'Charlie': 2, 'Diana': 4, 'Eve': 4, 'Bob': 2}
2025-09-16 20:52:06 | INFO | Chart updated successfully for message: {"message": "I love Python!", "author": "Eve"}
2025-09-16 20:52:06 | INFO | Processed JSON message: {'message': 'Buzz messages for everyone.', 'author': 'Alice'}
2025-09-16 20:52:06 | INFO | Message received from author: Alice
2025-09-16 20:52:06 | INFO | Updated author counts: {'Alice': 5, 'Charlie': 2, 'Diana': 4, 'Eve': 4, 'Bob': 2}
2025-09-16 20:52:07 | INFO | Chart updated successfully for message: {"message": "Buzz messages for everyone.", "author": "Alice"}
2025-09-16 20:52:07 | INFO | Processed JSON message: {'message': 'This is a buzz message.', 'author': 'Alice'}
2025-09-16 20:52:07 | INFO | Message received from author: Alice
2025-09-16 20:52:07 | INFO | Updated author counts: {'Alice': 6, 'Charlie': 2, 'Diana': 4, 'Eve': 4, 'Bob': 2}
2025-09-16 20:52:07 | INFO | Chart updated successfully for message: {"message": "This is a buzz message.", "author": "Alice"}
2025-09-16 20:52:07 | INFO | Processed JSON message: {'message': 'Data engineering is my passion.', 'author': 'Diana'}
2025-09-16 20:52:07 | INFO | Message received from author: Diana
2025-09-16 20:52:07 | INFO | Updated author counts: {'Alice': 6, 'Charlie': 2, 'Diana': 5, 'Eve': 4, 'Bob': 2}
2025-09-16 20:52:07 | INFO | Chart updated successfully for message: {"message": "Data engineering is my passion.", "author": "Diana"}
2025-09-16 20:52:07 | INFO | Processed JSON message: {'message': 'I love Python!', 'author': 'Eve'}
2025-09-16 20:52:07 | INFO | Message received from author: Eve
2025-09-16 20:52:07 | INFO | Updated author counts: {'Alice': 6, 'Charlie': 2, 'Diana': 5, 'Eve': 5, 'Bob': 2}
2025-09-16 20:52:07 | INFO | Chart updated successfully for message: {"message": "I love Python!", "author": "Eve"}
2025-09-16 20:52:07 | INFO | Processed JSON message: {'message': 'JSON makes life easier.', 'author': 'Charlie'}
2025-09-16 20:52:07 | INFO | Message received from author: Charlie
2025-09-16 20:52:07 | INFO | Updated author counts: {'Alice': 6, 'Charlie': 3, 'Diana': 5, 'Eve': 5, 'Bob': 2}
2025-09-16 20:52:07 | INFO | Chart updated successfully for message: {"message": "JSON makes life easier.", "author": "Charlie"}
2025-09-16 20:52:07 | INFO | Processed JSON message: {'message': 'Have a great day!', 'author': 'Bob'}
2025-09-16 20:52:07 | INFO | Message received from author: Bob
2025-09-16 20:52:07 | INFO | Updated author counts: {'Alice': 6, 'Charlie': 3, 'Diana': 5, 'Eve': 5, 'Bob': 3}
2025-09-16 20:52:07 | INFO | Chart updated successfully for message: {"message": "Have a great day!", "author": "Bob"}
2025-09-16 20:52:07 | INFO | Processed JSON message: {'message': 'Data engineering is my passion.', 'author': 'Alice'}
2025-09-16 20:52:07 | INFO | Message received from author: Alice
2025-09-16 20:52:07 | INFO | Updated author counts: {'Alice': 7, 'Charlie': 3, 'Diana': 5, 'Eve': 5, 'Bob': 3}
2025-09-16 20:52:07 | INFO | Chart updated successfully for message: {"message": "Data engineering is my passion.", "author": "Alice"}
2025-09-16 20:52:07 | INFO | Processed JSON message: {'message': 'Kafka is awesome.', 'author': 'Diana'}
2025-09-16 20:52:07 | INFO | Message received from author: Diana
2025-09-16 20:52:07 | INFO | Updated author counts: {'Alice': 7, 'Charlie': 3, 'Diana': 6, 'Eve': 5, 'Bob': 3}
2025-09-16 20:52:08 | INFO | Chart updated successfully for message: {"message": "Kafka is awesome.", "author": "Diana"}
2025-09-16 20:52:08 | INFO | Processed JSON message: {'message': 'Kafka is awesome.', 'author': 'Diana'}
2025-09-16 20:52:08 | INFO | Message received from author: Diana
2025-09-16 20:52:08 | INFO | Updated author counts: {'Alice': 7, 'Charlie': 3, 'Diana': 7, 'Eve': 5, 'Bob': 3}
2025-09-16 20:52:08 | INFO | Chart updated successfully for message: {"message": "Kafka is awesome.", "author": "Diana"}
2025-09-16 20:52:08 | INFO | Processed JSON message: {'message': 'Hello, Kafka world!', 'author': 'Bob'}
2025-09-16 20:52:08 | INFO | Message received from author: Bob
2025-09-16 20:52:08 | INFO | Updated author counts: {'Alice': 7, 'Charlie': 3, 'Diana': 7, 'Eve': 5, 'Bob': 4}
2025-09-16 20:52:08 | INFO | Chart updated successfully for message: {"message": "Hello, Kafka world!", "author": "Bob"}
2025-09-16 20:52:08 | INFO | Processed JSON message: {'message': 'Distributed systems are fascinating.', 'author': 'Diana'}
2025-09-16 20:52:08 | INFO | Message received from author: Diana
2025-09-16 20:52:08 | INFO | Updated author counts: {'Alice': 7, 'Charlie': 3, 'Diana': 8, 'Eve': 5, 'Bob': 4}
2025-09-16 20:52:08 | INFO | Chart updated successfully for message: {"message": "Distributed systems are fascinating.", "author": "Diana"}
2025-09-16 20:52:08 | INFO | Processed JSON message: {'message': 'I love Python!', 'author': 'Diana'}
2025-09-16 20:52:08 | INFO | Message received from author: Diana
2025-09-16 20:52:08 | INFO | Updated author counts: {'Alice': 7, 'Charlie': 3, 'Diana': 9, 'Eve': 5, 'Bob': 4}
2025-09-16 20:52:08 | INFO | Chart updated successfully for message: {"message": "I love Python!", "author": "Diana"}
2025-09-16 20:52:08 | INFO | Processed JSON message: {'message': 'Have a great day!', 'author': 'Alice'}
2025-09-16 20:52:08 | INFO | Message received from author: Alice
2025-09-16 20:52:08 | INFO | Updated author counts: {'Alice': 8, 'Charlie': 3, 'Diana': 9, 'Eve': 5, 'Bob': 4}
2025-09-16 20:52:08 | INFO | Chart updated successfully for message: {"message": "Have a great day!", "author": "Alice"}
2025-09-16 20:52:08 | INFO | Processed JSON message: {'message': 'Hello, Kafka world!', 'author': 'Charlie'}
2025-09-16 20:52:08 | INFO | Message received from author: Charlie
2025-09-16 20:52:08 | INFO | Updated author counts: {'Alice': 8, 'Charlie': 4, 'Diana': 9, 'Eve': 5, 'Bob': 4}
2025-09-16 20:52:09 | INFO | Chart updated successfully for message: {"message": "Hello, Kafka world!", "author": "Charlie"}
2025-09-16 20:52:09 | INFO | Processed JSON message: {'message': 'JSON makes life easier.', 'author': 'Diana'}
2025-09-16 20:52:09 | INFO | Message received from author: Diana
2025-09-16 20:52:09 | INFO | Updated author counts: {'Alice': 8, 'Charlie': 4, 'Diana': 10, 'Eve': 5, 'Bob': 4}
2025-09-16 20:52:09 | INFO | Chart updated successfully for message: {"message": "JSON makes life easier.", "author": "Diana"}
2025-09-16 20:52:09 | INFO | Processed JSON message: {'message': 'I love Python!', 'author': 'Bob'}
2025-09-16 20:52:09 | INFO | Message received from author: Bob
2025-09-16 20:52:09 | INFO | Updated author counts: {'Alice': 8, 'Charlie': 4, 'Diana': 10, 'Eve': 5, 'Bob': 5}
2025-09-16 20:52:09 | INFO | Chart updated successfully for message: {"message": "I love Python!", "author": "Bob"}
2025-09-16 20:52:09 | INFO | Sent message to topic 'buzzline_json': {'message': 'Have a great day!', 'author': 'Diana'}
2025-09-16 20:52:09 | INFO | Processed JSON message: {'message': 'Have a great day!', 'author': 'Diana'}
2025-09-16 20:52:09 | INFO | Message received from author: Diana
2025-09-16 20:52:09 | INFO | Updated author counts: {'Alice': 8, 'Charlie': 4, 'Diana': 11, 'Eve': 5, 'Bob': 5}
2025-09-16 20:52:09 | INFO | Chart updated successfully for message: {"message": "Have a great day!", "author": "Diana"}
2025-09-16 20:52:12 | INFO | Sent message to topic 'buzzline_json': {'message': 'Hello, Kafka world!', 'author': 'Alice'}
2025-09-16 20:52:12 | INFO | Processed JSON message: {'message': 'Hello, Kafka world!', 'author': 'Alice'}
2025-09-16 20:52:12 | INFO | Message received from author: Alice
2025-09-16 20:52:12 | INFO | Updated author counts: {'Alice': 9, 'Charlie': 4, 'Diana': 11, 'Eve': 5, 'Bob': 5}
2025-09-16 20:52:12 | INFO | Chart updated successfully for message: {"message": "Hello, Kafka world!", "author": "Alice"}
2025-09-16 20:52:15 | INFO | Sent message to topic 'buzzline_json': {'message': 'JSON makes life easier.', 'author': 'Alice'}
2025-09-16 20:52:15 | INFO | Processed JSON message: {'message': 'JSON makes life easier.', 'author': 'Alice'}
2025-09-16 20:52:15 | INFO | Message received from author: Alice
2025-09-16 20:52:15 | INFO | Updated author counts: {'Alice': 10, 'Charlie': 4, 'Diana': 11, 'Eve': 5, 'Bob': 5}
2025-09-16 20:52:15 | INFO | Chart updated successfully for message: {"message": "JSON makes life easier.", "author": "Alice"}
2025-09-16 20:52:18 | INFO | Sent message to topic 'buzzline_json': {'message': 'Buzz messages for everyone.', 'author': 'Charlie'}
2025-09-16 20:52:18 | INFO | Processed JSON message: {'message': 'Buzz messages for everyone.', 'author': 'Charlie'}
2025-09-16 20:52:18 | INFO | Message received from author: Charlie
2025-09-16 20:52:18 | INFO | Updated author counts: {'Alice': 10, 'Charlie': 5, 'Diana': 11, 'Eve': 5, 'Bob': 5}
2025-09-16 20:52:18 | INFO | Chart updated successfully for message: {"message": "Buzz messages for everyone.", "author": "Charlie"}
2025-09-16 20:52:21 | WARNING | Consumer interrupted by user.
2025-09-16 20:52:21 | INFO | Kafka consumer for topic 'buzzline_json' closed.
2025-09-16 20:52:21 | INFO | END consumer for topic 'buzzline_json' and group 'buzz_group'.
2025-09-16 20:52:21 | INFO | Sent message to topic 'buzzline_json': {'message': 'Buzz messages for everyone.', 'author': 'Bob'}
2025-09-16 20:52:24 | INFO | Sent message to topic 'buzzline_json': {'message': 'Streaming data is fun.', 'author': 'Diana'}
2025-09-16 20:52:27 | INFO | Sent message to topic 'buzzline_json': {'message': 'Have a great day!', 'author': 'Diana'}
2025-09-16 20:52:29 | WARNING | Producer interrupted by user.
2025-09-16 20:52:29 | INFO | Kafka producer closed.
2025-09-16 20:52:29 | INFO | END producer.
2025-09-16 20:53:38 | INFO | Logging to file: logs/project_log.log
2025-09-16 20:53:38 | INFO | Log sanitization enabled, personal info removed
2025-09-16 20:53:38 | INFO | Project root: C:/Users/USER/Documents/44671/buzzline-04-dowdle
2025-09-16 20:53:38 | INFO | Data folder: C:/Users/USER/Documents/44671/buzzline-04-dowdle/data
2025-09-16 20:53:38 | INFO | Data file: C:/Users/USER/Documents/44671/buzzline-04-dowdle/data/smoker_temps.csv
2025-09-16 20:53:38 | INFO | START producer.
2025-09-16 20:53:38 | INFO | Kafka broker address: localhost:9092
2025-09-16 20:53:38 | INFO | Kafka is ready. Brokers: {'throttle_time_ms': 0, 'brokers': [{'node_id': 1, 'host': 'localhost', 'port': 9092, 'rack': None}], 'cluster_id': 'N6hvXfg2QL-uPxvF0foOZQ', 'controller_id': 1}
2025-09-16 20:53:38 | INFO | Kafka topic: smoker_csv
2025-09-16 20:53:38 | INFO | Message interval: 5 seconds
2025-09-16 20:53:38 | INFO | Kafka broker address: localhost:9092
2025-09-16 20:53:38 | INFO | Connecting to Kafka broker at localhost:9092...
2025-09-16 20:53:38 | INFO | Kafka producer successfully created.
2025-09-16 20:53:38 | INFO | Kafka broker address: localhost:9092
2025-09-16 20:53:39 | INFO | Topic 'smoker_csv' already exists. Recreating fresh...
2025-09-16 20:53:39 | INFO | Requested deletion of topic 'smoker_csv'.
2025-09-16 20:53:39 | INFO | Topic 'smoker_csv' created successfully.
2025-09-16 20:53:39 | INFO | Kafka topic 'smoker_csv' is ready.
2025-09-16 20:53:39 | INFO | Starting message production to topic 'smoker_csv'...
2025-09-16 20:53:39 | INFO | Opening data file in read mode: C:/Users/USER/Documents/44671/buzzline-04-dowdle/data/smoker_temps.csv
2025-09-16 20:53:39 | INFO | Reading data from file: C:/Users/USER/Documents/44671/buzzline-04-dowdle/data/smoker_temps.csv
2025-09-16 20:53:39 | INFO | Sent message to topic 'smoker_csv': {'timestamp': '2025-09-17T01:53:39.422662', 'temperature': 70.4}
2025-09-16 20:53:44 | INFO | Sent message to topic 'smoker_csv': {'timestamp': '2025-09-17T01:53:44.429371', 'temperature': 70.8}
2025-09-16 20:53:49 | INFO | Sent message to topic 'smoker_csv': {'timestamp': '2025-09-17T01:53:49.433887', 'temperature': 71.2}
2025-09-16 20:53:54 | INFO | Sent message to topic 'smoker_csv': {'timestamp': '2025-09-17T01:53:54.438471', 'temperature': 71.6}
2025-09-16 20:53:57 | INFO | Logging to file: logs/project_log.log
2025-09-16 20:53:57 | INFO | Log sanitization enabled, personal info removed
2025-09-16 20:53:57 | INFO | START consumer.
2025-09-16 20:53:57 | INFO | Kafka topic: smoker_csv
2025-09-16 20:53:57 | INFO | Kafka consumer group id: smoker_group
2025-09-16 20:53:57 | INFO | Rolling window size: 10
2025-09-16 20:53:57 | INFO | Consumer: Topic 'smoker_csv' and group 'smoker_group'...
2025-09-16 20:53:57 | INFO | Rolling window size: 10
2025-09-16 20:53:57 | INFO | Kafka broker address: localhost:9092
2025-09-16 20:53:57 | INFO | Creating Kafka consumer. Topic='smoker_csv' and group ID='smoker_group'.
2025-09-16 20:53:57 | INFO | Kafka consumer created successfully.
2025-09-16 20:53:57 | INFO | Polling messages from topic 'smoker_csv'...
2025-09-16 20:53:59 | INFO | Sent message to topic 'smoker_csv': {'timestamp': '2025-09-17T01:53:59.442258', 'temperature': 72.0}
2025-09-16 20:54:01 | INFO | Processed JSON message: {'timestamp': '2025-09-17T01:53:44.429371', 'temperature': 70.8}
2025-09-16 20:54:01 | INFO | Processed JSON message: {'timestamp': '2025-09-17T01:53:49.433887', 'temperature': 71.2}
2025-09-16 20:54:01 | INFO | Processed JSON message: {'timestamp': '2025-09-17T01:53:54.438471', 'temperature': 71.6}
2025-09-16 20:54:02 | INFO | Processed JSON message: {'timestamp': '2025-09-17T01:53:59.442258', 'temperature': 72.0}
2025-09-16 20:54:04 | INFO | Sent message to topic 'smoker_csv': {'timestamp': '2025-09-17T01:54:04.446764', 'temperature': 72.4}
2025-09-16 20:54:04 | INFO | Processed JSON message: {'timestamp': '2025-09-17T01:54:04.446764', 'temperature': 72.4}
2025-09-16 20:54:09 | INFO | Sent message to topic 'smoker_csv': {'timestamp': '2025-09-17T01:54:09.449728', 'temperature': 72.8}
2025-09-16 20:54:09 | INFO | Processed JSON message: {'timestamp': '2025-09-17T01:54:09.449728', 'temperature': 72.8}
2025-09-16 20:54:14 | INFO | Sent message to topic 'smoker_csv': {'timestamp': '2025-09-17T01:54:14.455452', 'temperature': 73.2}
2025-09-16 20:54:14 | INFO | Processed JSON message: {'timestamp': '2025-09-17T01:54:14.455452', 'temperature': 73.2}
2025-09-16 20:54:19 | INFO | Sent message to topic 'smoker_csv': {'timestamp': '2025-09-17T01:54:19.462846', 'temperature': 73.6}
2025-09-16 20:54:19 | INFO | Processed JSON message: {'timestamp': '2025-09-17T01:54:19.462846', 'temperature': 73.6}
2025-09-16 20:54:24 | INFO | Sent message to topic 'smoker_csv': {'timestamp': '2025-09-17T01:54:24.465497', 'temperature': 74.0}
2025-09-16 20:54:24 | INFO | Processed JSON message: {'timestamp': '2025-09-17T01:54:24.465497', 'temperature': 74.0}
2025-09-16 20:54:29 | INFO | Sent message to topic 'smoker_csv': {'timestamp': '2025-09-17T01:54:29.470804', 'temperature': 74.4}
2025-09-16 20:54:29 | INFO | Processed JSON message: {'timestamp': '2025-09-17T01:54:29.470804', 'temperature': 74.4}
2025-09-16 20:54:34 | INFO | Sent message to topic 'smoker_csv': {'timestamp': '2025-09-17T01:54:34.477607', 'temperature': 74.8}
2025-09-16 20:54:34 | INFO | Processed JSON message: {'timestamp': '2025-09-17T01:54:34.477607', 'temperature': 74.8}
2025-09-16 20:54:39 | INFO | Sent message to topic 'smoker_csv': {'timestamp': '2025-09-17T01:54:39.480300', 'temperature': 75.2}
2025-09-16 20:54:39 | INFO | Processed JSON message: {'timestamp': '2025-09-17T01:54:39.480300', 'temperature': 75.2}
2025-09-16 20:54:44 | INFO | Sent message to topic 'smoker_csv': {'timestamp': '2025-09-17T01:54:44.486714', 'temperature': 75.6}
2025-09-16 20:54:44 | INFO | Processed JSON message: {'timestamp': '2025-09-17T01:54:44.486714', 'temperature': 75.6}
2025-09-16 20:54:49 | INFO | Sent message to topic 'smoker_csv': {'timestamp': '2025-09-17T01:54:49.492321', 'temperature': 76.0}
2025-09-16 20:54:49 | INFO | Processed JSON message: {'timestamp': '2025-09-17T01:54:49.492321', 'temperature': 76.0}
2025-09-16 20:54:54 | INFO | Sent message to topic 'smoker_csv': {'timestamp': '2025-09-17T01:54:54.496288', 'temperature': 76.4}
2025-09-16 20:54:54 | INFO | Processed JSON message: {'timestamp': '2025-09-17T01:54:54.496288', 'temperature': 76.4}
2025-09-16 20:54:59 | INFO | Sent message to topic 'smoker_csv': {'timestamp': '2025-09-17T01:54:59.500613', 'temperature': 76.8}
2025-09-16 20:54:59 | INFO | Processed JSON message: {'timestamp': '2025-09-17T01:54:59.500613', 'temperature': 76.8}
2025-09-16 20:55:04 | INFO | Sent message to topic 'smoker_csv': {'timestamp': '2025-09-17T01:55:04.503593', 'temperature': 77.2}
2025-09-16 20:55:04 | INFO | Processed JSON message: {'timestamp': '2025-09-17T01:55:04.503593', 'temperature': 77.2}
2025-09-16 20:55:09 | INFO | Sent message to topic 'smoker_csv': {'timestamp': '2025-09-17T01:55:09.510353', 'temperature': 77.6}
2025-09-16 20:55:09 | INFO | Processed JSON message: {'timestamp': '2025-09-17T01:55:09.510353', 'temperature': 77.6}
2025-09-16 20:55:14 | INFO | Sent message to topic 'smoker_csv': {'timestamp': '2025-09-17T01:55:14.514860', 'temperature': 78.0}
2025-09-16 20:55:14 | INFO | Processed JSON message: {'timestamp': '2025-09-17T01:55:14.514860', 'temperature': 78.0}
2025-09-16 20:55:19 | INFO | Sent message to topic 'smoker_csv': {'timestamp': '2025-09-17T01:55:19.518305', 'temperature': 78.4}
2025-09-16 20:55:19 | INFO | Processed JSON message: {'timestamp': '2025-09-17T01:55:19.518305', 'temperature': 78.4}
2025-09-16 20:55:20 | WARNING | Consumer interrupted by user.
2025-09-16 20:55:20 | INFO | Kafka consumer for topic 'smoker_csv' closed.
2025-09-16 20:55:24 | INFO | Sent message to topic 'smoker_csv': {'timestamp': '2025-09-17T01:55:24.523646', 'temperature': 78.8}
2025-09-16 20:55:26 | WARNING | Producer interrupted by user.
2025-09-16 20:55:26 | INFO | Kafka producer closed.
2025-09-16 20:55:26 | INFO | END producer.
